#
# There is insufficient memory for the Java Runtime Environment to continue.
# Native memory allocation (mmap) failed to map 268435456 bytes for Failed to commit area from 0x0000000701e00000 to 0x0000000711e00000 of length 268435456.
# Possible reasons:
#   The system is out of physical RAM or swap space
#   The process is running with CompressedOops enabled, and the Java Heap may be blocking the growth of the native heap
# Possible solutions:
#   Reduce memory load on the system
#   Increase physical memory or swap space
#   Check if swap backing store is full
#   Decrease Java heap size (-Xmx/-Xms)
#   Decrease number of Java threads
#   Decrease Java thread stack sizes (-Xss)
#   Set larger code cache with -XX:ReservedCodeCacheSize=
# This output file may be truncated or incomplete.
#
#  Out of Memory Error (t:/workspace/open/src/hotspot/os/windows/os_windows.cpp:3301), pid=23564, tid=18932
#
# JRE version:  (13.0.2+8) (build )
# Java VM: Java HotSpot(TM) 64-Bit Server VM (13.0.2+8, mixed mode, aot, sharing, tiered, compressed oops, g1 gc, windows-amd64)
# No core dump will be written. Minidumps are not enabled by default on client versions of Windows
#

---------------  S U M M A R Y ------------

Command Line: C:\Users\Lenovo\AppData\Local\Temp\surefire8391584413064538839\surefirebooter5445980993103981011.jar C:\Users\Lenovo\AppData\Local\Temp\surefire8391584413064538839 2021-12-24T22-39-10_793-jvmRun1 surefire5618158948956190671tmp surefire_09992531093737715390tmp

Host: Intel(R) Core(TM) i5-8300H CPU @ 2.30GHz, 8 cores, 15G,  Windows 10 , 64 bit Build 19041 (10.0.19041.1348)
Time: Fri Dec 24 22:39:11 2021 Belarus Standard Time elapsed time: 0 seconds (0d 0h 0m 0s)

---------------  T H R E A D  ---------------

Current thread (0x000001b048e98800):  JavaThread "Unknown thread" [_thread_in_vm, id=18932, stack(0x0000001f53300000,0x0000001f53400000)]

Stack: [0x0000001f53300000,0x0000001f53400000]
Native frames: (J=compiled Java code, j=interpreted, Vv=VM code, C=native code)
V  [jvm.dll+0x624f9a]
V  [jvm.dll+0x770cfa]
V  [jvm.dll+0x7724af]
V  [jvm.dll+0x772ab3]
V  [jvm.dll+0x24bf08]
V  [jvm.dll+0x6222aa]
V  [jvm.dll+0x6170b5]
V  [jvm.dll+0x30a88c]
V  [jvm.dll+0x30a6c2]
V  [jvm.dll+0x30fe36]
V  [jvm.dll+0x353f46]
V  [jvm.dll+0x353720]
V  [jvm.dll+0x2e550a]
V  [jvm.dll+0x2e67a2]
V  [jvm.dll+0x74dd78]
V  [jvm.dll+0x361989]
V  [jvm.dll+0x730e65]
V  [jvm.dll+0x3cc53f]
V  [jvm.dll+0x3ce861]
C  [jli.dll+0x51ff]
C  [ucrtbase.dll+0x21bb2]
C  [KERNEL32.DLL+0x17034]
C  [ntdll.dll+0x52651]


---------------  P R O C E S S  ---------------

Threads class SMR info:
_java_thread_list=0x00007ffce7a0ccb8, length=0, elements={
}

Java Threads: ( => current thread )

Other Threads:
  0x000001b048f04800 GCTaskThread "GC Thread#0" [stack: 0x0000001f53400000,0x0000001f53500000] [id=11984]
  0x000001b048f25800 ConcurrentGCThread "G1 Main Marker" [stack: 0x0000001f53500000,0x0000001f53600000] [id=11448]
  0x000001b048f27000 ConcurrentGCThread "G1 Conc#0" [stack: 0x0000001f53600000,0x0000001f53700000] [id=8108]

[error occurred during error reporting (printing all threads), id 0xc0000005, EXCEPTION_ACCESS_VIOLATION (0xc0000005) at pc=0x00007ffce72451d7]

VM state:not at safepoint (not fully initialized)

VM Mutex/Monitor currently owned by a thread:  ([mutex/lock_event])
[0x000001b048e947e0] Heap_lock - owner thread: 0x000001b048e98800

Heap address: 0x0000000701e00000, size: 4066 MB, Compressed Oops mode: Non-zero based: 0x0000000701e00000
Narrow klass base: 0x0000000000000000, Narrow klass shift: 0

GC Heap History (0 events):
No events

Deoptimization events (0 events):
No events

Classes unloaded (0 events):
No events

Classes redefined (0 events):
No events

Internal exceptions (0 events):
No events

Events (8 events):
Event: 0.007 Loaded shared library D:\Proga\Programs\Java_JDK_13\bin\zip.dll
Event: 0.007 Loaded shared library D:\Proga\Programs\Java_JDK_13\bin\jimage.dll
Event: 0.009 Loading shared library D:\Proga\Programs\Java_JDK_13\lib\libjava.base-coop.dll failed, error code 126
Event: 0.009 Loading shared library D:\Proga\Programs\Java_JDK_13\lib\libjava.logging-coop.dll failed, error code 126
Event: 0.009 Loading shared library D:\Proga\Programs\Java_JDK_13\lib\libjdk.compiler-coop.dll failed, error code 126
Event: 0.009 Loading shared library D:\Proga\Programs\Java_JDK_13\lib\libjdk.scripting.nashorn-coop.dll failed, error code 126
Event: 0.009 Loading shared library D:\Proga\Programs\Java_JDK_13\lib\libjdk.internal.vm.ci-coop.dll failed, error code 126
Event: 0.009 Loading shared library D:\Proga\Programs\Java_JDK_13\lib\libjdk.internal.vm.compiler-coop.dll failed, error code 126


Dynamic libraries:
0x00007ff79aff0000 - 0x00007ff79afff000 	D:\Proga\Programs\Java_JDK_13\bin\java.exe
0x00007ffd437b0000 - 0x00007ffd439a5000 	C:\WINDOWS\SYSTEM32\ntdll.dll
0x00007ffd417f0000 - 0x00007ffd418ae000 	C:\WINDOWS\System32\KERNEL32.DLL
0x00007ffd40ec0000 - 0x00007ffd41188000 	C:\WINDOWS\System32\KERNELBASE.dll
0x00007ffd411e0000 - 0x00007ffd412e0000 	C:\WINDOWS\System32\ucrtbase.dll
0x00007ffd3d280000 - 0x00007ffd3d298000 	D:\Proga\Programs\Java_JDK_13\bin\jli.dll
0x00007ffd42a70000 - 0x00007ffd42b1c000 	C:\WINDOWS\System32\ADVAPI32.dll
0x00007ffd428b0000 - 0x00007ffd4294e000 	C:\WINDOWS\System32\msvcrt.dll
0x00007ffd429d0000 - 0x00007ffd42a6b000 	C:\WINDOWS\System32\sechost.dll
0x00007ffd41e20000 - 0x00007ffd41f4a000 	C:\WINDOWS\System32\RPCRT4.dll
0x00007ffd42620000 - 0x00007ffd427c1000 	C:\WINDOWS\System32\USER32.dll
0x00007ffd41620000 - 0x00007ffd41642000 	C:\WINDOWS\System32\win32u.dll
0x00007ffd41910000 - 0x00007ffd4193b000 	C:\WINDOWS\System32\GDI32.dll
0x00007ffd300e0000 - 0x00007ffd300f5000 	D:\Proga\Programs\Java_JDK_13\bin\VCRUNTIME140.dll
0x00007ffd41650000 - 0x00007ffd4175d000 	C:\WINDOWS\System32\gdi32full.dll
0x00007ffd414d0000 - 0x00007ffd4156d000 	C:\WINDOWS\System32\msvcp_win.dll
0x00007ffd23340000 - 0x00007ffd235da000 	C:\WINDOWS\WinSxS\amd64_microsoft.windows.common-controls_6595b64144ccf1df_6.0.19041.1110_none_60b5254171f9507e\COMCTL32.dll
0x00007ffd3a4e0000 - 0x00007ffd3a4ea000 	C:\WINDOWS\SYSTEM32\VERSION.dll
0x00007ffd43730000 - 0x00007ffd43760000 	C:\WINDOWS\System32\IMM32.DLL
0x00007ffd19f30000 - 0x00007ffd19fcb000 	D:\Proga\Programs\Java_JDK_13\bin\msvcp140.dll
0x00007ffce6f50000 - 0x00007ffce7aad000 	D:\Proga\Programs\Java_JDK_13\bin\server\jvm.dll
0x00007ffd43760000 - 0x00007ffd43768000 	C:\WINDOWS\System32\PSAPI.DLL
0x00007ffd380a0000 - 0x00007ffd380a9000 	C:\WINDOWS\SYSTEM32\WSOCK32.dll
0x00007ffd42090000 - 0x00007ffd420fb000 	C:\WINDOWS\System32\WS2_32.dll
0x00007ffd3bd70000 - 0x00007ffd3bd97000 	C:\WINDOWS\SYSTEM32\WINMM.dll
0x00007ffd3fa30000 - 0x00007ffd3fa42000 	C:\WINDOWS\SYSTEM32\kernel.appcore.dll
0x00007ffd3d3e0000 - 0x00007ffd3d3f0000 	D:\Proga\Programs\Java_JDK_13\bin\verify.dll
0x00007ffd3f430000 - 0x00007ffd3f614000 	C:\WINDOWS\SYSTEM32\DBGHELP.DLL
0x00007ffd36e70000 - 0x00007ffd36e9c000 	C:\WINDOWS\SYSTEM32\dbgcore.DLL
0x00007ffd41760000 - 0x00007ffd417e2000 	C:\WINDOWS\System32\bcryptPrimitives.dll
0x00007ffd2f9f0000 - 0x00007ffd2fa16000 	D:\Proga\Programs\Java_JDK_13\bin\java.dll
0x00007ffd2fab0000 - 0x00007ffd2fac7000 	D:\Proga\Programs\Java_JDK_13\bin\zip.dll
0x00007ffd3d3b0000 - 0x00007ffd3d3ba000 	D:\Proga\Programs\Java_JDK_13\bin\jimage.dll

dbghelp: loaded successfully - version: 4.0.5 - missing functions: none
symbol engine: initialized successfully - sym options: 0x614 - pdb path: .;D:\Proga\Programs\Java_JDK_13\bin;C:\WINDOWS\SYSTEM32;C:\WINDOWS\WinSxS\amd64_microsoft.windows.common-controls_6595b64144ccf1df_6.0.19041.1110_none_60b5254171f9507e;D:\Proga\Programs\Java_JDK_13\bin\server

VM Arguments:
java_command: C:\Users\Lenovo\AppData\Local\Temp\surefire8391584413064538839\surefirebooter5445980993103981011.jar C:\Users\Lenovo\AppData\Local\Temp\surefire8391584413064538839 2021-12-24T22-39-10_793-jvmRun1 surefire5618158948956190671tmp surefire_09992531093737715390tmp
java_class_path (initial): C:\Users\Lenovo\AppData\Local\Temp\surefire8391584413064538839\surefirebooter5445980993103981011.jar
Launcher Type: SUN_STANDARD

[Global flags]
     intx CICompilerCount                          = 4                                         {product} {ergonomic}
     uint ConcGCThreads                            = 2                                         {product} {ergonomic}
     uint G1ConcRefinementThreads                  = 8                                         {product} {ergonomic}
   size_t G1HeapRegionSize                         = 1048576                                   {product} {ergonomic}
    uintx GCDrainStackTargetSize                   = 64                                        {product} {ergonomic}
   size_t InitialHeapSize                          = 268435456                                 {product} {ergonomic}
   size_t MarkStackSize                            = 4194304                                   {product} {ergonomic}
   size_t MaxHeapSize                              = 4263510016                                {product} {ergonomic}
   size_t MinHeapDeltaBytes                        = 1048576                                   {product} {ergonomic}
   size_t MinHeapSize                              = 8388608                                   {product} {ergonomic}
    uintx NonNMethodCodeHeapSize                   = 5839372                                {pd product} {ergonomic}
    uintx NonProfiledCodeHeapSize                  = 122909434                              {pd product} {ergonomic}
    uintx ProfiledCodeHeapSize                     = 122909434                              {pd product} {ergonomic}
    uintx ReservedCodeCacheSize                    = 251658240                              {pd product} {ergonomic}
     bool SegmentedCodeCache                       = true                                      {product} {ergonomic}
   size_t SoftMaxHeapSize                          = 4263510016                             {manageable} {ergonomic}
     bool UseCompressedClassPointers               = true                                 {lp64_product} {ergonomic}
     bool UseCompressedOops                        = true                                 {lp64_product} {ergonomic}
     bool UseG1GC                                  = true                                      {product} {ergonomic}
     bool UseLargePagesIndividualAllocation        = false                                  {pd product} {ergonomic}

Logging:
Log output configuration:
 #0: stdout all=warning uptime,level,tags
 #1: stderr all=off uptime,level,tags

Environment Variables:
JAVA_HOME=C:\Program Files\Java\jdk1.8.0
PATH=C:\ProgramData\Oracle\Java\javapath;C:\Program Files (x86)\Common Files\Oracle\Java\javapath;C:\WINDOWS\system32;C:\WINDOWS;C:\WINDOWS\System32\Wbem;C:\WINDOWS\System32\WindowsPowerShell\v1.0\;C:\WINDOWS\System32\OpenSSH\;C:\Program Files\NVIDIA Corporation\NVIDIA NvDLISR;C:\Program Files (x86)\NVIDIA Corporation\PhysX\Common;C:\Program Files\Git\cmd;D:\Proga\Programs\bin;D:\Proga\Programs\apache-maven-3.6.3\bin;C:\WINDOWS\system32;C:\WINDOWS;C:\WINDOWS\System32\Wbem;C:\WINDOWS\System32\WindowsPowerShell\v1.0\;C:\WINDOWS\System32\OpenSSH\;C:\Program Files\dotnet\;C:\Program Files\MATLAB\R2021a\bin;C:\Program Files\Docker\Docker\resources\bin;C:\ProgramData\DockerDesktop\version-bin;C:\Program Files\MySQL\MySQL Shell 8.0\bin\;C:\Users\Lenovo\AppData\Local\Microsoft\WindowsApps;D:\Proga\Projects_Testing\WebDrivers;"C:\Program Files\PostgreSQL\9.5\bin ;C:\Program Files\PostgreSQL\9.5\lib";
USERNAME=Lenovo
OS=Windows_NT
PROCESSOR_IDENTIFIER=Intel64 Family 6 Model 158 Stepping 10, GenuineIntel



---------------  S Y S T E M  ---------------

OS: Windows 10 , 64 bit Build 19041 (10.0.19041.1348)
HyperV virtualization detected

CPU:total 8 (initial active 8) (4 cores per cpu, 2 threads per core) family 6 model 158 stepping 10, cmov, cx8, fxsr, mmx, sse, sse2, sse3, ssse3, sse4.1, sse4.2, popcnt, avx, avx2, aes, clmul, erms, 3dnowpref, lzcnt, ht, tsc, tscinvbit, bmi1, bmi2, adx, fma

Memory: 4k page, system-wide physical 16258M (3096M free)
TotalPageFile size 20354M (AvailPageFile size 89M)
current process WorkingSet (physical memory assigned to process): 10M, peak: 10M
current process commit charge ("private bytes"): 61M, peak: 316M

vm_info: Java HotSpot(TM) 64-Bit Server VM (13.0.2+8) for windows-amd64 JRE (13.0.2+8), built on Dec 11 2019 09:20:33 by "mach5one" with unknown MS VC++:1916

END.
