#
# There is insufficient memory for the Java Runtime Environment to continue.
# Native memory allocation (malloc) failed to allocate 1048576 bytes for AllocateHeap
# Possible reasons:
#   The system is out of physical RAM or swap space
#   The process is running with CompressedOops enabled, and the Java Heap may be blocking the growth of the native heap
# Possible solutions:
#   Reduce memory load on the system
#   Increase physical memory or swap space
#   Check if swap backing store is full
#   Decrease Java heap size (-Xmx/-Xms)
#   Decrease number of Java threads
#   Decrease Java thread stack sizes (-Xss)
#   Set larger code cache with -XX:ReservedCodeCacheSize=
#   JVM is running with Zero Based Compressed Oops mode in which the Java heap is
#     placed in the first 32GB address space. The Java Heap base address is the
#     maximum limit for the native heap growth. Please use -XX:HeapBaseMinAddress
#     to set the Java Heap base and to place the Java Heap above 32GB virtual address.
# This output file may be truncated or incomplete.
#
#  Out of Memory Error (t:/workspace/open/src/hotspot/share/memory/allocation.cpp:45), pid=19208, tid=9420
#
# JRE version: Java(TM) SE Runtime Environment (13.0.2+8) (build 13.0.2+8)
# Java VM: Java HotSpot(TM) 64-Bit Server VM (13.0.2+8, mixed mode, sharing, tiered, compressed oops, g1 gc, windows-amd64)
# No core dump will be written. Minidumps are not enabled by default on client versions of Windows
#

---------------  S U M M A R Y ------------

Command Line: -XX:TieredStopAtLevel=1 -Xverify:none -Dspring.output.ansi.enabled=always -javaagent:D:\Proga\Programs\IntelliJ IDEA 2019.3.3\lib\idea_rt.jar=49601:D:\Proga\Programs\IntelliJ IDEA 2019.3.3\bin -Dcom.sun.management.jmxremote -Dspring.jmx.enabled=true -Dspring.liveBeansView.mbeanDomain -Dspring.application.admin.enabled=true -Dfile.encoding=UTF-8 com.itech.BankProjectApplication

Host: Intel(R) Core(TM) i5-8300H CPU @ 2.30GHz, 8 cores, 15G,  Windows 10 , 64 bit Build 19041 (10.0.19041.1348)
Time: Thu Dec 16 22:15:36 2021 Belarus Standard Time elapsed time: 1 seconds (0d 0h 0m 1s)

---------------  T H R E A D  ---------------

Current thread (0x000001e5ec311800):  VMThread "VM Thread" [stack: 0x0000007a91d00000,0x0000007a91e00000] [id=9420]

Stack: [0x0000007a91d00000,0x0000007a91e00000]
[error occurred during error reporting (printing stack bounds), id 0xc0000005, EXCEPTION_ACCESS_VIOLATION (0xc0000005) at pc=0x000001e5d0c410ad]

Native frames: (J=compiled Java code, j=interpreted, Vv=VM code, C=native code)
V  [jvm.dll+0x624f9a]
V  [jvm.dll+0x770cfa]
V  [jvm.dll+0x7724af]
V  [jvm.dll+0x772a15]
V  [jvm.dll+0x7729cb]
V  [jvm.dll+0x6244df]
C  [ntdll.dll+0x78a3c]
C  [ntdll.dll+0x51276]
C  [ntdll.dll+0xa0bfe]
C  0x000001e5d0c410ad

VM_Operation (0x0000007a917fa840): CollectForMetadataAllocation, mode: safepoint, requested by thread 0x000001e5c873b000


---------------  P R O C E S S  ---------------

Threads class SMR info:
_java_thread_list=0x000001e5ee2238b0, length=14, elements={
0x000001e5c873b000, 0x000001e5ec315000, 0x000001e5ec318000, 0x000001e5ecbb8800,
0x000001e5ecbb9800, 0x000001e5ecbba800, 0x000001e5ecbc8000, 0x000001e5ecbb1000,
0x000001e5ecf29000, 0x000001e5ed154000, 0x000001e5ed2fb000, 0x000001e5ee131800,
0x000001e5f4655800, 0x000001e5ee323800
}

Java Threads: ( => current thread )
  0x000001e5c873b000 JavaThread "main" [_thread_blocked, id=13492, stack(0x0000007a91700000,0x0000007a91800000)]
  0x000001e5ec315000 JavaThread "Reference Handler" daemon [_thread_blocked, id=15932, stack(0x0000007a91e00000,0x0000007a91f00000)]
  0x000001e5ec318000 JavaThread "Finalizer" daemon [_thread_blocked, id=18516, stack(0x0000007a91f00000,0x0000007a92000000)]
  0x000001e5ecbb8800 JavaThread "Signal Dispatcher" daemon [_thread_blocked, id=6660, stack(0x0000007a92000000,0x0000007a92100000)]
  0x000001e5ecbb9800 JavaThread "Attach Listener" daemon [_thread_blocked, id=16744, stack(0x0000007a92100000,0x0000007a92200000)]
  0x000001e5ecbba800 JavaThread "C1 CompilerThread0" daemon [_thread_blocked, id=14424, stack(0x0000007a92200000,0x0000007a92300000)]
  0x000001e5ecbc8000 JavaThread "Sweeper thread" daemon [_thread_blocked, id=2780, stack(0x0000007a92300000,0x0000007a92400000)]
  0x000001e5ecbb1000 JavaThread "Common-Cleaner" daemon [_thread_blocked, id=19992, stack(0x0000007a92400000,0x0000007a92500000)]
  0x000001e5ecf29000 JavaThread "Monitor Ctrl-Break" daemon [_thread_in_native, id=6284, stack(0x0000007a92500000,0x0000007a92600000)]
  0x000001e5ed154000 JavaThread "Service Thread" daemon [_thread_blocked, id=16420, stack(0x0000007a92600000,0x0000007a92700000)]
  0x000001e5ed2fb000 JavaThread "RMI TCP Accept-0" daemon [_thread_in_native, id=8212, stack(0x0000007a92700000,0x0000007a92800000)]
  0x000001e5ee131800 JavaThread "RMI TCP Connection(1)-172.17.176.1" daemon [_thread_in_native, id=19896, stack(0x0000007a92e00000,0x0000007a92f00000)]
  0x000001e5f4655800 JavaThread "RMI Scheduler(0)" daemon [_thread_blocked, id=2724, stack(0x0000007a92f00000,0x0000007a93000000)]
  0x000001e5ee323800 JavaThread "JMX server connection timeout 21" daemon [_thread_blocked, id=20052, stack(0x0000007a93000000,0x0000007a93100000)]

Other Threads:
=>0x000001e5ec311800 VMThread "VM Thread" [stack: 0x0000007a91d00000,0x0000007a91e00000] [id=9420]
  0x000001e5ed2e5800 WatcherThread [stack: 0x0000007a92800000,0x0000007a92900000] [id=14440]
  0x000001e5c87a6800 GCTaskThread "GC Thread#0" [stack: 0x0000007a91800000,0x0000007a91900000] [id=15676]
  0x000001e5ed489000 GCTaskThread "GC Thread#1" [stack: 0x0000007a92900000,0x0000007a92a00000] [id=20228]
  0x000001e5ed65a800 GCTaskThread "GC Thread#2" [stack: 0x0000007a92a00000,0x0000007a92b00000] [id=7836]
  0x000001e5ed606800 GCTaskThread "GC Thread#3" [stack: 0x0000007a92b00000,0x0000007a92c00000] [id=1316]
  0x000001e5ed607000 GCTaskThread "GC Thread#4" [stack: 0x0000007a92c00000,0x0000007a92d00000] [id=18264]
  0x000001e5ed610000 GCTaskThread "GC Thread#5" [stack: 0x0000007a92d00000,0x0000007a92e00000] [id=15644]
  0x000001e5c87c9800 ConcurrentGCThread "G1 Main Marker" [stack: 0x0000007a91900000,0x0000007a91a00000] [id=13896]
  0x000001e5c87cd000 ConcurrentGCThread "G1 Conc#0" [stack: 0x0000007a91a00000,0x0000007a91b00000] [id=15160]
  0x000001e5ee2f8800 ConcurrentGCThread "G1 Conc#1" [stack: 0x0000007a93100000,0x0000007a93200000] [id=20196]
  0x000001e5ec20e800 ConcurrentGCThread "G1 Refine#0" [stack: 0x0000007a91b00000,0x0000007a91c00000] [id=11116]
  0x000001e5ec20f800 ConcurrentGCThread "G1 Young RemSet Sampling" [stack: 0x0000007a91c00000,0x0000007a91d00000] [id=10976]

Threads with active compile tasks:

VM state:at safepoint (normal execution)

VM Mutex/Monitor currently owned by a thread:  ([mutex/lock_event])
[0x000001e5c8738900] Threads_lock - owner thread: 0x000001e5ec311800
[0x000001e5c87386c0] Heap_lock - owner thread: 0x000001e5c873b000

OutOfMemory and StackOverflow Exception counts:
OutOfMemoryError java_heap_errors=14
LinkageErrors=43

Heap address: 0x0000000701e00000, size: 4066 MB, Compressed Oops mode: Zero based, Oop shift amount: 3
Narrow klass base: 0x0000000800000000, Narrow klass shift: 3
Compressed class space size: 1073741824 Address: 0x0000000800b40000

Heap:
 garbage-first heap   total 262144K, used 12514K [0x0000000701e00000, 0x0000000800000000)
  region size 1024K, 5 young (5120K), 5 survivors (5120K)
 Metaspace       used 16913K, capacity 17643K, committed 17664K, reserved 1079296K
  class space    used 2274K, capacity 2558K, committed 2560K, reserved 1048576K
Heap Regions: E=young(eden), S=young(survivor), O=old, HS=humongous(starts), HC=humongous(continues), CS=collection set, F=free, A=archive, TAMS=top-at-mark-start (previous, next)
|   0|0x0000000701e00000, 0x0000000701f00000, 0x0000000701f00000|100%|HS|  |TAMS 0x0000000701e00000, 0x0000000701f00000| Complete 
|   1|0x0000000701f00000, 0x0000000702000000, 0x0000000702000000|100%| O|  |TAMS 0x0000000701f00000, 0x0000000702000000| Untracked 
|   2|0x0000000702000000, 0x0000000702100000, 0x0000000702100000|100%| O|  |TAMS 0x0000000702000000, 0x0000000702100000| Untracked 
|   3|0x0000000702100000, 0x0000000702200000, 0x0000000702200000|100%| O|  |TAMS 0x0000000702100000, 0x0000000702200000| Untracked 
|   4|0x0000000702200000, 0x0000000702300000, 0x0000000702300000|100%| O|  |TAMS 0x0000000702200000, 0x0000000702300000| Untracked 
|   5|0x0000000702300000, 0x0000000702400000, 0x0000000702400000|100%| O|  |TAMS 0x0000000702300000, 0x0000000702400000| Untracked 
|   6|0x0000000702400000, 0x0000000702500000, 0x0000000702500000|100%| O|  |TAMS 0x0000000702400000, 0x0000000702500000| Untracked 
|   7|0x0000000702500000, 0x0000000702539400, 0x0000000702600000| 22%| O|  |TAMS 0x0000000702500000, 0x0000000702539400| Untracked 
|   8|0x0000000702600000, 0x0000000702600000, 0x0000000702700000|  0%| F|  |TAMS 0x0000000702600000, 0x0000000702600000| Untracked 
|   9|0x0000000702700000, 0x0000000702700000, 0x0000000702800000|  0%| F|  |TAMS 0x0000000702700000, 0x0000000702700000| Untracked 
|  10|0x0000000702800000, 0x0000000702800000, 0x0000000702900000|  0%| F|  |TAMS 0x0000000702800000, 0x0000000702800000| Untracked 
|  11|0x0000000702900000, 0x0000000702900000, 0x0000000702a00000|  0%| F|  |TAMS 0x0000000702900000, 0x0000000702900000| Untracked 
|  12|0x0000000702a00000, 0x0000000702a00000, 0x0000000702b00000|  0%| F|  |TAMS 0x0000000702a00000, 0x0000000702a00000| Untracked 
|  13|0x0000000702b00000, 0x0000000702b00000, 0x0000000702c00000|  0%| F|  |TAMS 0x0000000702b00000, 0x0000000702b00000| Untracked 
|  14|0x0000000702c00000, 0x0000000702c00000, 0x0000000702d00000|  0%| F|  |TAMS 0x0000000702c00000, 0x0000000702c00000| Untracked 
|  15|0x0000000702d00000, 0x0000000702d00000, 0x0000000702e00000|  0%| F|  |TAMS 0x0000000702d00000, 0x0000000702d00000| Untracked 
|  16|0x0000000702e00000, 0x0000000702e00000, 0x0000000702f00000|  0%| F|  |TAMS 0x0000000702e00000, 0x0000000702e00000| Untracked 
|  17|0x0000000702f00000, 0x0000000702f00000, 0x0000000703000000|  0%| F|  |TAMS 0x0000000702f00000, 0x0000000702f00000| Untracked 
|  18|0x0000000703000000, 0x0000000703000000, 0x0000000703100000|  0%| F|  |TAMS 0x0000000703000000, 0x0000000703000000| Untracked 
|  19|0x0000000703100000, 0x0000000703100000, 0x0000000703200000|  0%| F|  |TAMS 0x0000000703100000, 0x0000000703100000| Untracked 
|  20|0x0000000703200000, 0x0000000703200000, 0x0000000703300000|  0%| F|  |TAMS 0x0000000703200000, 0x0000000703200000| Untracked 
|  21|0x0000000703300000, 0x0000000703300000, 0x0000000703400000|  0%| F|  |TAMS 0x0000000703300000, 0x0000000703300000| Untracked 
|  22|0x0000000703400000, 0x0000000703400000, 0x0000000703500000|  0%| F|  |TAMS 0x0000000703400000, 0x0000000703400000| Untracked 
|  23|0x0000000703500000, 0x0000000703500000, 0x0000000703600000|  0%| F|  |TAMS 0x0000000703500000, 0x0000000703500000| Untracked 
|  24|0x0000000703600000, 0x0000000703600000, 0x0000000703700000|  0%| F|  |TAMS 0x0000000703600000, 0x0000000703600000| Untracked 
|  25|0x0000000703700000, 0x0000000703700000, 0x0000000703800000|  0%| F|  |TAMS 0x0000000703700000, 0x0000000703700000| Untracked 
|  26|0x0000000703800000, 0x0000000703800000, 0x0000000703900000|  0%| F|  |TAMS 0x0000000703800000, 0x0000000703800000| Untracked 
|  27|0x0000000703900000, 0x0000000703900000, 0x0000000703a00000|  0%| F|  |TAMS 0x0000000703900000, 0x0000000703900000| Untracked 
|  28|0x0000000703a00000, 0x0000000703a00000, 0x0000000703b00000|  0%| F|  |TAMS 0x0000000703a00000, 0x0000000703a00000| Untracked 
|  29|0x0000000703b00000, 0x0000000703b00000, 0x0000000703c00000|  0%| F|  |TAMS 0x0000000703b00000, 0x0000000703b00000| Untracked 
|  30|0x0000000703c00000, 0x0000000703c00000, 0x0000000703d00000|  0%| F|  |TAMS 0x0000000703c00000, 0x0000000703c00000| Untracked 
|  31|0x0000000703d00000, 0x0000000703d00000, 0x0000000703e00000|  0%| F|  |TAMS 0x0000000703d00000, 0x0000000703d00000| Untracked 
|  32|0x0000000703e00000, 0x0000000703e00000, 0x0000000703f00000|  0%| F|  |TAMS 0x0000000703e00000, 0x0000000703e00000| Untracked 
|  33|0x0000000703f00000, 0x0000000703f00000, 0x0000000704000000|  0%| F|  |TAMS 0x0000000703f00000, 0x0000000703f00000| Untracked 
|  34|0x0000000704000000, 0x0000000704000000, 0x0000000704100000|  0%| F|  |TAMS 0x0000000704000000, 0x0000000704000000| Untracked 
|  35|0x0000000704100000, 0x0000000704100000, 0x0000000704200000|  0%| F|  |TAMS 0x0000000704100000, 0x0000000704100000| Untracked 
|  36|0x0000000704200000, 0x0000000704200000, 0x0000000704300000|  0%| F|  |TAMS 0x0000000704200000, 0x0000000704200000| Untracked 
|  37|0x0000000704300000, 0x0000000704300000, 0x0000000704400000|  0%| F|  |TAMS 0x0000000704300000, 0x0000000704300000| Untracked 
|  38|0x0000000704400000, 0x0000000704400000, 0x0000000704500000|  0%| F|  |TAMS 0x0000000704400000, 0x0000000704400000| Untracked 
|  39|0x0000000704500000, 0x0000000704500000, 0x0000000704600000|  0%| F|  |TAMS 0x0000000704500000, 0x0000000704500000| Untracked 
|  40|0x0000000704600000, 0x0000000704600000, 0x0000000704700000|  0%| F|  |TAMS 0x0000000704600000, 0x0000000704600000| Untracked 
|  41|0x0000000704700000, 0x0000000704700000, 0x0000000704800000|  0%| F|  |TAMS 0x0000000704700000, 0x0000000704700000| Untracked 
|  42|0x0000000704800000, 0x0000000704800000, 0x0000000704900000|  0%| F|  |TAMS 0x0000000704800000, 0x0000000704800000| Untracked 
|  43|0x0000000704900000, 0x0000000704900000, 0x0000000704a00000|  0%| F|  |TAMS 0x0000000704900000, 0x0000000704900000| Untracked 
|  44|0x0000000704a00000, 0x0000000704a00000, 0x0000000704b00000|  0%| F|  |TAMS 0x0000000704a00000, 0x0000000704a00000| Untracked 
|  45|0x0000000704b00000, 0x0000000704b00000, 0x0000000704c00000|  0%| F|  |TAMS 0x0000000704b00000, 0x0000000704b00000| Untracked 
|  46|0x0000000704c00000, 0x0000000704c00000, 0x0000000704d00000|  0%| F|  |TAMS 0x0000000704c00000, 0x0000000704c00000| Untracked 
|  47|0x0000000704d00000, 0x0000000704d00000, 0x0000000704e00000|  0%| F|  |TAMS 0x0000000704d00000, 0x0000000704d00000| Untracked 
|  48|0x0000000704e00000, 0x0000000704e00000, 0x0000000704f00000|  0%| F|  |TAMS 0x0000000704e00000, 0x0000000704e00000| Untracked 
|  49|0x0000000704f00000, 0x0000000704f00000, 0x0000000705000000|  0%| F|  |TAMS 0x0000000704f00000, 0x0000000704f00000| Untracked 
|  50|0x0000000705000000, 0x0000000705000000, 0x0000000705100000|  0%| F|  |TAMS 0x0000000705000000, 0x0000000705000000| Untracked 
|  51|0x0000000705100000, 0x0000000705100000, 0x0000000705200000|  0%| F|  |TAMS 0x0000000705100000, 0x0000000705100000| Untracked 
|  52|0x0000000705200000, 0x0000000705200000, 0x0000000705300000|  0%| F|  |TAMS 0x0000000705200000, 0x0000000705200000| Untracked 
|  53|0x0000000705300000, 0x0000000705300000, 0x0000000705400000|  0%| F|  |TAMS 0x0000000705300000, 0x0000000705300000| Untracked 
|  54|0x0000000705400000, 0x0000000705400000, 0x0000000705500000|  0%| F|  |TAMS 0x0000000705400000, 0x0000000705400000| Untracked 
|  55|0x0000000705500000, 0x0000000705500000, 0x0000000705600000|  0%| F|  |TAMS 0x0000000705500000, 0x0000000705500000| Untracked 
|  56|0x0000000705600000, 0x0000000705600000, 0x0000000705700000|  0%| F|  |TAMS 0x0000000705600000, 0x0000000705600000| Untracked 
|  57|0x0000000705700000, 0x0000000705700000, 0x0000000705800000|  0%| F|  |TAMS 0x0000000705700000, 0x0000000705700000| Untracked 
|  58|0x0000000705800000, 0x0000000705800000, 0x0000000705900000|  0%| F|  |TAMS 0x0000000705800000, 0x0000000705800000| Untracked 
|  59|0x0000000705900000, 0x0000000705900000, 0x0000000705a00000|  0%| F|  |TAMS 0x0000000705900000, 0x0000000705900000| Untracked 
|  60|0x0000000705a00000, 0x0000000705a00000, 0x0000000705b00000|  0%| F|  |TAMS 0x0000000705a00000, 0x0000000705a00000| Untracked 
|  61|0x0000000705b00000, 0x0000000705b00000, 0x0000000705c00000|  0%| F|  |TAMS 0x0000000705b00000, 0x0000000705b00000| Untracked 
|  62|0x0000000705c00000, 0x0000000705c00000, 0x0000000705d00000|  0%| F|  |TAMS 0x0000000705c00000, 0x0000000705c00000| Untracked 
|  63|0x0000000705d00000, 0x0000000705d00000, 0x0000000705e00000|  0%| F|  |TAMS 0x0000000705d00000, 0x0000000705d00000| Untracked 
|  64|0x0000000705e00000, 0x0000000705e00000, 0x0000000705f00000|  0%| F|  |TAMS 0x0000000705e00000, 0x0000000705e00000| Untracked 
|  65|0x0000000705f00000, 0x0000000705f00000, 0x0000000706000000|  0%| F|  |TAMS 0x0000000705f00000, 0x0000000705f00000| Untracked 
|  66|0x0000000706000000, 0x0000000706000000, 0x0000000706100000|  0%| F|  |TAMS 0x0000000706000000, 0x0000000706000000| Untracked 
|  67|0x0000000706100000, 0x0000000706100000, 0x0000000706200000|  0%| F|  |TAMS 0x0000000706100000, 0x0000000706100000| Untracked 
|  68|0x0000000706200000, 0x0000000706200000, 0x0000000706300000|  0%| F|  |TAMS 0x0000000706200000, 0x0000000706200000| Untracked 
|  69|0x0000000706300000, 0x0000000706300000, 0x0000000706400000|  0%| F|  |TAMS 0x0000000706300000, 0x0000000706300000| Untracked 
|  70|0x0000000706400000, 0x0000000706400000, 0x0000000706500000|  0%| F|  |TAMS 0x0000000706400000, 0x0000000706400000| Untracked 
|  71|0x0000000706500000, 0x0000000706500000, 0x0000000706600000|  0%| F|  |TAMS 0x0000000706500000, 0x0000000706500000| Untracked 
|  72|0x0000000706600000, 0x0000000706600000, 0x0000000706700000|  0%| F|  |TAMS 0x0000000706600000, 0x0000000706600000| Untracked 
|  73|0x0000000706700000, 0x0000000706700000, 0x0000000706800000|  0%| F|  |TAMS 0x0000000706700000, 0x0000000706700000| Untracked 
|  74|0x0000000706800000, 0x0000000706800000, 0x0000000706900000|  0%| F|  |TAMS 0x0000000706800000, 0x0000000706800000| Untracked 
|  75|0x0000000706900000, 0x0000000706900000, 0x0000000706a00000|  0%| F|  |TAMS 0x0000000706900000, 0x0000000706900000| Untracked 
|  76|0x0000000706a00000, 0x0000000706a00000, 0x0000000706b00000|  0%| F|  |TAMS 0x0000000706a00000, 0x0000000706a00000| Untracked 
|  77|0x0000000706b00000, 0x0000000706b00000, 0x0000000706c00000|  0%| F|  |TAMS 0x0000000706b00000, 0x0000000706b00000| Untracked 
|  78|0x0000000706c00000, 0x0000000706c00000, 0x0000000706d00000|  0%| F|  |TAMS 0x0000000706c00000, 0x0000000706c00000| Untracked 
|  79|0x0000000706d00000, 0x0000000706d00000, 0x0000000706e00000|  0%| F|  |TAMS 0x0000000706d00000, 0x0000000706d00000| Untracked 
|  80|0x0000000706e00000, 0x0000000706e00000, 0x0000000706f00000|  0%| F|  |TAMS 0x0000000706e00000, 0x0000000706e00000| Untracked 
|  81|0x0000000706f00000, 0x0000000706f00000, 0x0000000707000000|  0%| F|  |TAMS 0x0000000706f00000, 0x0000000706f00000| Untracked 
|  82|0x0000000707000000, 0x0000000707000000, 0x0000000707100000|  0%| F|  |TAMS 0x0000000707000000, 0x0000000707000000| Untracked 
|  83|0x0000000707100000, 0x0000000707100000, 0x0000000707200000|  0%| F|  |TAMS 0x0000000707100000, 0x0000000707100000| Untracked 
|  84|0x0000000707200000, 0x0000000707200000, 0x0000000707300000|  0%| F|  |TAMS 0x0000000707200000, 0x0000000707200000| Untracked 
|  85|0x0000000707300000, 0x0000000707300000, 0x0000000707400000|  0%| F|  |TAMS 0x0000000707300000, 0x0000000707300000| Untracked 
|  86|0x0000000707400000, 0x0000000707400000, 0x0000000707500000|  0%| F|  |TAMS 0x0000000707400000, 0x0000000707400000| Untracked 
|  87|0x0000000707500000, 0x0000000707500000, 0x0000000707600000|  0%| F|  |TAMS 0x0000000707500000, 0x0000000707500000| Untracked 
|  88|0x0000000707600000, 0x0000000707600000, 0x0000000707700000|  0%| F|  |TAMS 0x0000000707600000, 0x0000000707600000| Untracked 
|  89|0x0000000707700000, 0x0000000707700000, 0x0000000707800000|  0%| F|  |TAMS 0x0000000707700000, 0x0000000707700000| Untracked 
|  90|0x0000000707800000, 0x0000000707800000, 0x0000000707900000|  0%| F|  |TAMS 0x0000000707800000, 0x0000000707800000| Untracked 
|  91|0x0000000707900000, 0x0000000707900000, 0x0000000707a00000|  0%| F|  |TAMS 0x0000000707900000, 0x0000000707900000| Untracked 
|  92|0x0000000707a00000, 0x0000000707a00000, 0x0000000707b00000|  0%| F|  |TAMS 0x0000000707a00000, 0x0000000707a00000| Untracked 
|  93|0x0000000707b00000, 0x0000000707b00000, 0x0000000707c00000|  0%| F|  |TAMS 0x0000000707b00000, 0x0000000707b00000| Untracked 
|  94|0x0000000707c00000, 0x0000000707c00000, 0x0000000707d00000|  0%| F|  |TAMS 0x0000000707c00000, 0x0000000707c00000| Untracked 
|  95|0x0000000707d00000, 0x0000000707d00000, 0x0000000707e00000|  0%| F|  |TAMS 0x0000000707d00000, 0x0000000707d00000| Untracked 
|  96|0x0000000707e00000, 0x0000000707e00000, 0x0000000707f00000|  0%| F|  |TAMS 0x0000000707e00000, 0x0000000707e00000| Untracked 
|  97|0x0000000707f00000, 0x0000000707f00000, 0x0000000708000000|  0%| F|  |TAMS 0x0000000707f00000, 0x0000000707f00000| Untracked 
|  98|0x0000000708000000, 0x0000000708000000, 0x0000000708100000|  0%| F|  |TAMS 0x0000000708000000, 0x0000000708000000| Untracked 
|  99|0x0000000708100000, 0x0000000708100000, 0x0000000708200000|  0%| F|  |TAMS 0x0000000708100000, 0x0000000708100000| Untracked 
| 100|0x0000000708200000, 0x0000000708200000, 0x0000000708300000|  0%| F|  |TAMS 0x0000000708200000, 0x0000000708200000| Untracked 
| 101|0x0000000708300000, 0x0000000708300000, 0x0000000708400000|  0%| F|  |TAMS 0x0000000708300000, 0x0000000708300000| Untracked 
| 102|0x0000000708400000, 0x0000000708400000, 0x0000000708500000|  0%| F|  |TAMS 0x0000000708400000, 0x0000000708400000| Untracked 
| 103|0x0000000708500000, 0x0000000708500000, 0x0000000708600000|  0%| F|  |TAMS 0x0000000708500000, 0x0000000708500000| Untracked 
| 104|0x0000000708600000, 0x0000000708600000, 0x0000000708700000|  0%| F|  |TAMS 0x0000000708600000, 0x0000000708600000| Untracked 
| 105|0x0000000708700000, 0x0000000708700000, 0x0000000708800000|  0%| F|  |TAMS 0x0000000708700000, 0x0000000708700000| Untracked 
| 106|0x0000000708800000, 0x0000000708800000, 0x0000000708900000|  0%| F|  |TAMS 0x0000000708800000, 0x0000000708800000| Untracked 
| 107|0x0000000708900000, 0x0000000708900000, 0x0000000708a00000|  0%| F|  |TAMS 0x0000000708900000, 0x0000000708900000| Untracked 
| 108|0x0000000708a00000, 0x0000000708a00000, 0x0000000708b00000|  0%| F|  |TAMS 0x0000000708a00000, 0x0000000708a00000| Untracked 
| 109|0x0000000708b00000, 0x0000000708b00000, 0x0000000708c00000|  0%| F|  |TAMS 0x0000000708b00000, 0x0000000708b00000| Untracked 
| 110|0x0000000708c00000, 0x0000000708c00000, 0x0000000708d00000|  0%| F|  |TAMS 0x0000000708c00000, 0x0000000708c00000| Untracked 
| 111|0x0000000708d00000, 0x0000000708d00000, 0x0000000708e00000|  0%| F|  |TAMS 0x0000000708d00000, 0x0000000708d00000| Untracked 
| 112|0x0000000708e00000, 0x0000000708e00000, 0x0000000708f00000|  0%| F|  |TAMS 0x0000000708e00000, 0x0000000708e00000| Untracked 
| 113|0x0000000708f00000, 0x0000000708f00000, 0x0000000709000000|  0%| F|  |TAMS 0x0000000708f00000, 0x0000000708f00000| Untracked 
| 114|0x0000000709000000, 0x0000000709000000, 0x0000000709100000|  0%| F|  |TAMS 0x0000000709000000, 0x0000000709000000| Untracked 
| 115|0x0000000709100000, 0x0000000709100000, 0x0000000709200000|  0%| F|  |TAMS 0x0000000709100000, 0x0000000709100000| Untracked 
| 116|0x0000000709200000, 0x0000000709200000, 0x0000000709300000|  0%| F|  |TAMS 0x0000000709200000, 0x0000000709200000| Untracked 
| 117|0x0000000709300000, 0x0000000709300000, 0x0000000709400000|  0%| F|  |TAMS 0x0000000709300000, 0x0000000709300000| Untracked 
| 118|0x0000000709400000, 0x0000000709400000, 0x0000000709500000|  0%| F|  |TAMS 0x0000000709400000, 0x0000000709400000| Untracked 
| 119|0x0000000709500000, 0x0000000709500000, 0x0000000709600000|  0%| F|  |TAMS 0x0000000709500000, 0x0000000709500000| Untracked 
| 120|0x0000000709600000, 0x0000000709600000, 0x0000000709700000|  0%| F|  |TAMS 0x0000000709600000, 0x0000000709600000| Untracked 
| 121|0x0000000709700000, 0x0000000709700000, 0x0000000709800000|  0%| F|  |TAMS 0x0000000709700000, 0x0000000709700000| Untracked 
| 122|0x0000000709800000, 0x0000000709800000, 0x0000000709900000|  0%| F|  |TAMS 0x0000000709800000, 0x0000000709800000| Untracked 
| 123|0x0000000709900000, 0x0000000709900000, 0x0000000709a00000|  0%| F|  |TAMS 0x0000000709900000, 0x0000000709900000| Untracked 
| 124|0x0000000709a00000, 0x0000000709a00000, 0x0000000709b00000|  0%| F|  |TAMS 0x0000000709a00000, 0x0000000709a00000| Untracked 
| 125|0x0000000709b00000, 0x0000000709b00000, 0x0000000709c00000|  0%| F|  |TAMS 0x0000000709b00000, 0x0000000709b00000| Untracked 
| 126|0x0000000709c00000, 0x0000000709c00000, 0x0000000709d00000|  0%| F|  |TAMS 0x0000000709c00000, 0x0000000709c00000| Untracked 
| 127|0x0000000709d00000, 0x0000000709d00000, 0x0000000709e00000|  0%| F|  |TAMS 0x0000000709d00000, 0x0000000709d00000| Untracked 
| 128|0x0000000709e00000, 0x0000000709e00000, 0x0000000709f00000|  0%| F|  |TAMS 0x0000000709e00000, 0x0000000709e00000| Untracked 
| 129|0x0000000709f00000, 0x0000000709f00000, 0x000000070a000000|  0%| F|  |TAMS 0x0000000709f00000, 0x0000000709f00000| Untracked 
| 130|0x000000070a000000, 0x000000070a000000, 0x000000070a100000|  0%| F|  |TAMS 0x000000070a000000, 0x000000070a000000| Untracked 
| 131|0x000000070a100000, 0x000000070a100000, 0x000000070a200000|  0%| F|  |TAMS 0x000000070a100000, 0x000000070a100000| Untracked 
| 132|0x000000070a200000, 0x000000070a200000, 0x000000070a300000|  0%| F|  |TAMS 0x000000070a200000, 0x000000070a200000| Untracked 
| 133|0x000000070a300000, 0x000000070a300000, 0x000000070a400000|  0%| F|  |TAMS 0x000000070a300000, 0x000000070a300000| Untracked 
| 134|0x000000070a400000, 0x000000070a400000, 0x000000070a500000|  0%| F|  |TAMS 0x000000070a400000, 0x000000070a400000| Untracked 
| 135|0x000000070a500000, 0x000000070a500000, 0x000000070a600000|  0%| F|  |TAMS 0x000000070a500000, 0x000000070a500000| Untracked 
| 136|0x000000070a600000, 0x000000070a600000, 0x000000070a700000|  0%| F|  |TAMS 0x000000070a600000, 0x000000070a600000| Untracked 
| 137|0x000000070a700000, 0x000000070a700000, 0x000000070a800000|  0%| F|  |TAMS 0x000000070a700000, 0x000000070a700000| Untracked 
| 138|0x000000070a800000, 0x000000070a800000, 0x000000070a900000|  0%| F|  |TAMS 0x000000070a800000, 0x000000070a800000| Untracked 
| 139|0x000000070a900000, 0x000000070a900000, 0x000000070aa00000|  0%| F|  |TAMS 0x000000070a900000, 0x000000070a900000| Untracked 
| 140|0x000000070aa00000, 0x000000070aa00000, 0x000000070ab00000|  0%| F|  |TAMS 0x000000070aa00000, 0x000000070aa00000| Untracked 
| 141|0x000000070ab00000, 0x000000070ab00000, 0x000000070ac00000|  0%| F|  |TAMS 0x000000070ab00000, 0x000000070ab00000| Untracked 
| 142|0x000000070ac00000, 0x000000070ac00000, 0x000000070ad00000|  0%| F|  |TAMS 0x000000070ac00000, 0x000000070ac00000| Untracked 
| 143|0x000000070ad00000, 0x000000070ad00000, 0x000000070ae00000|  0%| F|  |TAMS 0x000000070ad00000, 0x000000070ad00000| Untracked 
| 144|0x000000070ae00000, 0x000000070ae00000, 0x000000070af00000|  0%| F|  |TAMS 0x000000070ae00000, 0x000000070ae00000| Untracked 
| 145|0x000000070af00000, 0x000000070afff740, 0x000000070b000000| 99%| S|CS|TAMS 0x000000070af00000, 0x000000070af00000| Complete 
| 146|0x000000070b000000, 0x000000070b100000, 0x000000070b100000|100%| S|CS|TAMS 0x000000070b000000, 0x000000070b000000| Complete 
| 147|0x000000070b100000, 0x000000070b200000, 0x000000070b200000|100%| S|CS|TAMS 0x000000070b100000, 0x000000070b100000| Complete 
| 148|0x000000070b200000, 0x000000070b300000, 0x000000070b300000|100%| S|CS|TAMS 0x000000070b200000, 0x000000070b200000| Complete 
| 149|0x000000070b300000, 0x000000070b400000, 0x000000070b400000|100%| S|CS|TAMS 0x000000070b300000, 0x000000070b300000| Complete 
| 150|0x000000070b400000, 0x000000070b400000, 0x000000070b500000|  0%| F|  |TAMS 0x000000070b400000, 0x000000070b400000| Untracked 
| 151|0x000000070b500000, 0x000000070b500000, 0x000000070b600000|  0%| F|  |TAMS 0x000000070b500000, 0x000000070b500000| Untracked 
| 152|0x000000070b600000, 0x000000070b600000, 0x000000070b700000|  0%| F|  |TAMS 0x000000070b600000, 0x000000070b600000| Untracked 
| 153|0x000000070b700000, 0x000000070b700000, 0x000000070b800000|  0%| F|  |TAMS 0x000000070b700000, 0x000000070b700000| Untracked 
| 154|0x000000070b800000, 0x000000070b800000, 0x000000070b900000|  0%| F|  |TAMS 0x000000070b800000, 0x000000070b800000| Untracked 
| 155|0x000000070b900000, 0x000000070b900000, 0x000000070ba00000|  0%| F|  |TAMS 0x000000070b900000, 0x000000070b900000| Untracked 
| 156|0x000000070ba00000, 0x000000070ba00000, 0x000000070bb00000|  0%| F|  |TAMS 0x000000070ba00000, 0x000000070ba00000| Untracked 
| 157|0x000000070bb00000, 0x000000070bb00000, 0x000000070bc00000|  0%| F|  |TAMS 0x000000070bb00000, 0x000000070bb00000| Untracked 
| 158|0x000000070bc00000, 0x000000070bc00000, 0x000000070bd00000|  0%| F|  |TAMS 0x000000070bc00000, 0x000000070bc00000| Untracked 
| 159|0x000000070bd00000, 0x000000070bd00000, 0x000000070be00000|  0%| F|  |TAMS 0x000000070bd00000, 0x000000070bd00000| Untracked 
| 160|0x000000070be00000, 0x000000070be00000, 0x000000070bf00000|  0%| F|  |TAMS 0x000000070be00000, 0x000000070be00000| Untracked 
| 161|0x000000070bf00000, 0x000000070bf00000, 0x000000070c000000|  0%| F|  |TAMS 0x000000070bf00000, 0x000000070bf00000| Untracked 
| 162|0x000000070c000000, 0x000000070c000000, 0x000000070c100000|  0%| F|  |TAMS 0x000000070c000000, 0x000000070c000000| Untracked 
| 163|0x000000070c100000, 0x000000070c100000, 0x000000070c200000|  0%| F|  |TAMS 0x000000070c100000, 0x000000070c100000| Untracked 
| 164|0x000000070c200000, 0x000000070c200000, 0x000000070c300000|  0%| F|  |TAMS 0x000000070c200000, 0x000000070c200000| Untracked 
| 165|0x000000070c300000, 0x000000070c300000, 0x000000070c400000|  0%| F|  |TAMS 0x000000070c300000, 0x000000070c300000| Untracked 
| 166|0x000000070c400000, 0x000000070c400000, 0x000000070c500000|  0%| F|  |TAMS 0x000000070c400000, 0x000000070c400000| Untracked 
| 167|0x000000070c500000, 0x000000070c500000, 0x000000070c600000|  0%| F|  |TAMS 0x000000070c500000, 0x000000070c500000| Untracked 
| 168|0x000000070c600000, 0x000000070c600000, 0x000000070c700000|  0%| F|  |TAMS 0x000000070c600000, 0x000000070c600000| Untracked 
| 169|0x000000070c700000, 0x000000070c700000, 0x000000070c800000|  0%| F|  |TAMS 0x000000070c700000, 0x000000070c700000| Untracked 
| 170|0x000000070c800000, 0x000000070c800000, 0x000000070c900000|  0%| F|  |TAMS 0x000000070c800000, 0x000000070c800000| Untracked 
| 171|0x000000070c900000, 0x000000070c900000, 0x000000070ca00000|  0%| F|  |TAMS 0x000000070c900000, 0x000000070c900000| Untracked 
| 172|0x000000070ca00000, 0x000000070ca00000, 0x000000070cb00000|  0%| F|  |TAMS 0x000000070ca00000, 0x000000070ca00000| Untracked 
| 173|0x000000070cb00000, 0x000000070cb00000, 0x000000070cc00000|  0%| F|  |TAMS 0x000000070cb00000, 0x000000070cb00000| Untracked 
| 174|0x000000070cc00000, 0x000000070cc00000, 0x000000070cd00000|  0%| F|  |TAMS 0x000000070cc00000, 0x000000070cc00000| Untracked 
| 175|0x000000070cd00000, 0x000000070cd00000, 0x000000070ce00000|  0%| F|  |TAMS 0x000000070cd00000, 0x000000070cd00000| Untracked 
| 176|0x000000070ce00000, 0x000000070ce00000, 0x000000070cf00000|  0%| F|  |TAMS 0x000000070ce00000, 0x000000070ce00000| Untracked 
| 177|0x000000070cf00000, 0x000000070cf00000, 0x000000070d000000|  0%| F|  |TAMS 0x000000070cf00000, 0x000000070cf00000| Untracked 
| 178|0x000000070d000000, 0x000000070d000000, 0x000000070d100000|  0%| F|  |TAMS 0x000000070d000000, 0x000000070d000000| Untracked 
| 179|0x000000070d100000, 0x000000070d100000, 0x000000070d200000|  0%| F|  |TAMS 0x000000070d100000, 0x000000070d100000| Untracked 
| 180|0x000000070d200000, 0x000000070d200000, 0x000000070d300000|  0%| F|  |TAMS 0x000000070d200000, 0x000000070d200000| Untracked 
| 181|0x000000070d300000, 0x000000070d300000, 0x000000070d400000|  0%| F|  |TAMS 0x000000070d300000, 0x000000070d300000| Untracked 
| 182|0x000000070d400000, 0x000000070d400000, 0x000000070d500000|  0%| F|  |TAMS 0x000000070d400000, 0x000000070d400000| Untracked 
| 183|0x000000070d500000, 0x000000070d500000, 0x000000070d600000|  0%| F|  |TAMS 0x000000070d500000, 0x000000070d500000| Untracked 
| 184|0x000000070d600000, 0x000000070d600000, 0x000000070d700000|  0%| F|  |TAMS 0x000000070d600000, 0x000000070d600000| Untracked 
| 185|0x000000070d700000, 0x000000070d700000, 0x000000070d800000|  0%| F|  |TAMS 0x000000070d700000, 0x000000070d700000| Untracked 
| 186|0x000000070d800000, 0x000000070d800000, 0x000000070d900000|  0%| F|  |TAMS 0x000000070d800000, 0x000000070d800000| Untracked 
| 187|0x000000070d900000, 0x000000070d900000, 0x000000070da00000|  0%| F|  |TAMS 0x000000070d900000, 0x000000070d900000| Untracked 
| 188|0x000000070da00000, 0x000000070da00000, 0x000000070db00000|  0%| F|  |TAMS 0x000000070da00000, 0x000000070da00000| Untracked 
| 189|0x000000070db00000, 0x000000070db00000, 0x000000070dc00000|  0%| F|  |TAMS 0x000000070db00000, 0x000000070db00000| Untracked 
| 190|0x000000070dc00000, 0x000000070dc00000, 0x000000070dd00000|  0%| F|  |TAMS 0x000000070dc00000, 0x000000070dc00000| Untracked 
| 191|0x000000070dd00000, 0x000000070dd00000, 0x000000070de00000|  0%| F|  |TAMS 0x000000070dd00000, 0x000000070dd00000| Untracked 
| 192|0x000000070de00000, 0x000000070de00000, 0x000000070df00000|  0%| F|  |TAMS 0x000000070de00000, 0x000000070de00000| Untracked 
| 193|0x000000070df00000, 0x000000070df00000, 0x000000070e000000|  0%| F|  |TAMS 0x000000070df00000, 0x000000070df00000| Untracked 
| 194|0x000000070e000000, 0x000000070e000000, 0x000000070e100000|  0%| F|  |TAMS 0x000000070e000000, 0x000000070e000000| Untracked 
| 195|0x000000070e100000, 0x000000070e100000, 0x000000070e200000|  0%| F|  |TAMS 0x000000070e100000, 0x000000070e100000| Untracked 
| 196|0x000000070e200000, 0x000000070e200000, 0x000000070e300000|  0%| F|  |TAMS 0x000000070e200000, 0x000000070e200000| Untracked 
| 197|0x000000070e300000, 0x000000070e300000, 0x000000070e400000|  0%| F|  |TAMS 0x000000070e300000, 0x000000070e300000| Untracked 
| 198|0x000000070e400000, 0x000000070e400000, 0x000000070e500000|  0%| F|  |TAMS 0x000000070e400000, 0x000000070e400000| Untracked 
| 199|0x000000070e500000, 0x000000070e500000, 0x000000070e600000|  0%| F|  |TAMS 0x000000070e500000, 0x000000070e500000| Untracked 
| 200|0x000000070e600000, 0x000000070e600000, 0x000000070e700000|  0%| F|  |TAMS 0x000000070e600000, 0x000000070e600000| Untracked 
| 201|0x000000070e700000, 0x000000070e700000, 0x000000070e800000|  0%| F|  |TAMS 0x000000070e700000, 0x000000070e700000| Untracked 
| 202|0x000000070e800000, 0x000000070e800000, 0x000000070e900000|  0%| F|  |TAMS 0x000000070e800000, 0x000000070e800000| Untracked 
| 203|0x000000070e900000, 0x000000070e900000, 0x000000070ea00000|  0%| F|  |TAMS 0x000000070e900000, 0x000000070e900000| Untracked 
| 204|0x000000070ea00000, 0x000000070ea00000, 0x000000070eb00000|  0%| F|  |TAMS 0x000000070ea00000, 0x000000070ea00000| Untracked 
| 205|0x000000070eb00000, 0x000000070eb00000, 0x000000070ec00000|  0%| F|  |TAMS 0x000000070eb00000, 0x000000070eb00000| Untracked 
| 206|0x000000070ec00000, 0x000000070ec00000, 0x000000070ed00000|  0%| F|  |TAMS 0x000000070ec00000, 0x000000070ec00000| Untracked 
| 207|0x000000070ed00000, 0x000000070ed00000, 0x000000070ee00000|  0%| F|  |TAMS 0x000000070ed00000, 0x000000070ed00000| Untracked 
| 208|0x000000070ee00000, 0x000000070ee00000, 0x000000070ef00000|  0%| F|  |TAMS 0x000000070ee00000, 0x000000070ee00000| Untracked 
| 209|0x000000070ef00000, 0x000000070ef00000, 0x000000070f000000|  0%| F|  |TAMS 0x000000070ef00000, 0x000000070ef00000| Untracked 
| 210|0x000000070f000000, 0x000000070f000000, 0x000000070f100000|  0%| F|  |TAMS 0x000000070f000000, 0x000000070f000000| Untracked 
| 211|0x000000070f100000, 0x000000070f100000, 0x000000070f200000|  0%| F|  |TAMS 0x000000070f100000, 0x000000070f100000| Untracked 
| 212|0x000000070f200000, 0x000000070f200000, 0x000000070f300000|  0%| F|  |TAMS 0x000000070f200000, 0x000000070f200000| Untracked 
| 213|0x000000070f300000, 0x000000070f300000, 0x000000070f400000|  0%| F|  |TAMS 0x000000070f300000, 0x000000070f300000| Untracked 
| 214|0x000000070f400000, 0x000000070f400000, 0x000000070f500000|  0%| F|  |TAMS 0x000000070f400000, 0x000000070f400000| Untracked 
| 215|0x000000070f500000, 0x000000070f500000, 0x000000070f600000|  0%| F|  |TAMS 0x000000070f500000, 0x000000070f500000| Untracked 
| 216|0x000000070f600000, 0x000000070f600000, 0x000000070f700000|  0%| F|  |TAMS 0x000000070f600000, 0x000000070f600000| Untracked 
| 217|0x000000070f700000, 0x000000070f700000, 0x000000070f800000|  0%| F|  |TAMS 0x000000070f700000, 0x000000070f700000| Untracked 
| 218|0x000000070f800000, 0x000000070f800000, 0x000000070f900000|  0%| F|  |TAMS 0x000000070f800000, 0x000000070f800000| Untracked 
| 219|0x000000070f900000, 0x000000070f900000, 0x000000070fa00000|  0%| F|  |TAMS 0x000000070f900000, 0x000000070f900000| Untracked 
| 220|0x000000070fa00000, 0x000000070fa00000, 0x000000070fb00000|  0%| F|  |TAMS 0x000000070fa00000, 0x000000070fa00000| Untracked 
| 221|0x000000070fb00000, 0x000000070fb00000, 0x000000070fc00000|  0%| F|  |TAMS 0x000000070fb00000, 0x000000070fb00000| Untracked 
| 222|0x000000070fc00000, 0x000000070fc00000, 0x000000070fd00000|  0%| F|  |TAMS 0x000000070fc00000, 0x000000070fc00000| Untracked 
| 223|0x000000070fd00000, 0x000000070fd00000, 0x000000070fe00000|  0%| F|  |TAMS 0x000000070fd00000, 0x000000070fd00000| Untracked 
| 224|0x000000070fe00000, 0x000000070fe00000, 0x000000070ff00000|  0%| F|  |TAMS 0x000000070fe00000, 0x000000070fe00000| Untracked 
| 225|0x000000070ff00000, 0x000000070ff00000, 0x0000000710000000|  0%| F|  |TAMS 0x000000070ff00000, 0x000000070ff00000| Untracked 
| 226|0x0000000710000000, 0x0000000710000000, 0x0000000710100000|  0%| F|  |TAMS 0x0000000710000000, 0x0000000710000000| Untracked 
| 227|0x0000000710100000, 0x0000000710100000, 0x0000000710200000|  0%| F|  |TAMS 0x0000000710100000, 0x0000000710100000| Untracked 
| 228|0x0000000710200000, 0x0000000710200000, 0x0000000710300000|  0%| F|  |TAMS 0x0000000710200000, 0x0000000710200000| Untracked 
| 229|0x0000000710300000, 0x0000000710300000, 0x0000000710400000|  0%| F|  |TAMS 0x0000000710300000, 0x0000000710300000| Untracked 
| 230|0x0000000710400000, 0x0000000710400000, 0x0000000710500000|  0%| F|  |TAMS 0x0000000710400000, 0x0000000710400000| Untracked 
| 231|0x0000000710500000, 0x0000000710500000, 0x0000000710600000|  0%| F|  |TAMS 0x0000000710500000, 0x0000000710500000| Untracked 
| 232|0x0000000710600000, 0x0000000710600000, 0x0000000710700000|  0%| F|  |TAMS 0x0000000710600000, 0x0000000710600000| Untracked 
| 233|0x0000000710700000, 0x0000000710700000, 0x0000000710800000|  0%| F|  |TAMS 0x0000000710700000, 0x0000000710700000| Untracked 
| 234|0x0000000710800000, 0x0000000710800000, 0x0000000710900000|  0%| F|  |TAMS 0x0000000710800000, 0x0000000710800000| Untracked 
| 235|0x0000000710900000, 0x0000000710900000, 0x0000000710a00000|  0%| F|  |TAMS 0x0000000710900000, 0x0000000710900000| Untracked 
| 236|0x0000000710a00000, 0x0000000710a00000, 0x0000000710b00000|  0%| F|  |TAMS 0x0000000710a00000, 0x0000000710a00000| Untracked 
| 237|0x0000000710b00000, 0x0000000710b00000, 0x0000000710c00000|  0%| F|  |TAMS 0x0000000710b00000, 0x0000000710b00000| Untracked 
| 238|0x0000000710c00000, 0x0000000710c00000, 0x0000000710d00000|  0%| F|  |TAMS 0x0000000710c00000, 0x0000000710c00000| Untracked 
| 239|0x0000000710d00000, 0x0000000710d00000, 0x0000000710e00000|  0%| F|  |TAMS 0x0000000710d00000, 0x0000000710d00000| Untracked 
| 240|0x0000000710e00000, 0x0000000710e00000, 0x0000000710f00000|  0%| F|  |TAMS 0x0000000710e00000, 0x0000000710e00000| Untracked 
| 241|0x0000000710f00000, 0x0000000710f00000, 0x0000000711000000|  0%| F|  |TAMS 0x0000000710f00000, 0x0000000710f00000| Untracked 
| 242|0x0000000711000000, 0x0000000711000000, 0x0000000711100000|  0%| F|  |TAMS 0x0000000711000000, 0x0000000711000000| Untracked 
| 243|0x0000000711100000, 0x0000000711100000, 0x0000000711200000|  0%| F|  |TAMS 0x0000000711100000, 0x0000000711100000| Untracked 
| 244|0x0000000711200000, 0x0000000711200000, 0x0000000711300000|  0%| F|  |TAMS 0x0000000711200000, 0x0000000711200000| Untracked 
| 245|0x0000000711300000, 0x0000000711300000, 0x0000000711400000|  0%| F|  |TAMS 0x0000000711300000, 0x0000000711300000| Untracked 
| 246|0x0000000711400000, 0x0000000711400000, 0x0000000711500000|  0%| F|  |TAMS 0x0000000711400000, 0x0000000711400000| Untracked 
| 247|0x0000000711500000, 0x0000000711500000, 0x0000000711600000|  0%| F|  |TAMS 0x0000000711500000, 0x0000000711500000| Untracked 
| 248|0x0000000711600000, 0x0000000711600000, 0x0000000711700000|  0%| F|  |TAMS 0x0000000711600000, 0x0000000711600000| Untracked 
| 249|0x0000000711700000, 0x0000000711700000, 0x0000000711800000|  0%| F|  |TAMS 0x0000000711700000, 0x0000000711700000| Untracked 
| 250|0x0000000711800000, 0x0000000711800000, 0x0000000711900000|  0%| F|  |TAMS 0x0000000711800000, 0x0000000711800000| Untracked 
| 251|0x0000000711900000, 0x0000000711900000, 0x0000000711a00000|  0%| F|  |TAMS 0x0000000711900000, 0x0000000711900000| Untracked 
| 252|0x0000000711a00000, 0x0000000711a00000, 0x0000000711b00000|  0%| F|  |TAMS 0x0000000711a00000, 0x0000000711a00000| Untracked 
| 253|0x0000000711b00000, 0x0000000711b00000, 0x0000000711c00000|  0%| F|  |TAMS 0x0000000711b00000, 0x0000000711b00000| Untracked 
| 254|0x0000000711c00000, 0x0000000711c00000, 0x0000000711d00000|  0%| F|  |TAMS 0x0000000711c00000, 0x0000000711c00000| Untracked 
| 255|0x0000000711d00000, 0x0000000711d00000, 0x0000000711e00000|  0%| F|  |TAMS 0x0000000711d00000, 0x0000000711d00000| Untracked 

Card table byte_map: [0x000001e5e0880000,0x000001e5e1080000] _byte_map_base: 0x000001e5dd071000

Marking Bits (Prev, Next): (CMBitMap*) 0x000001e5c87a7678, (CMBitMap*) 0x000001e5c87a76b8
 Prev Bits: [0x000001e5e1880000, 0x000001e5e5808000)
 Next Bits: [0x000001e5e5810000, 0x000001e5e9798000)

Polling page: 0x000001e5c7f10000

Metaspace:

Usage:
  Non-class:     14.73 MB capacity,    14.30 MB ( 97%) used,   374.56 KB (  2%) free+waste,    71.31 KB ( <1%) overhead. 
      Class:      2.50 MB capacity,     2.22 MB ( 89%) used,   245.55 KB ( 10%) free+waste,    38.38 KB (  2%) overhead. 
       Both:     17.23 MB capacity,    16.52 MB ( 96%) used,   620.12 KB (  4%) free+waste,   109.69 KB ( <1%) overhead. 

Virtual space:
  Non-class space:       30.00 MB reserved,      14.75 MB ( 49%) committed 
      Class space:        1.00 GB reserved,       2.50 MB ( <1%) committed 
             Both:        1.03 GB reserved,      17.25 MB (  2%) committed 

Chunk freelists:
   Non-Class:  19.00 KB
       Class:  2.00 KB
        Both:  21.00 KB

MaxMetaspaceSize: 17179869184.00 GB
CompressedClassSpaceSize: 1.00 GB

CodeHeap 'non-profiled nmethods': size=238336Kb used=4403Kb max_used=4403Kb free=233932Kb
 bounds [0x000001e5d1380000, 0x000001e5d17d0000, 0x000001e5dfc40000]
CodeHeap 'non-nmethods': size=7424Kb used=1219Kb max_used=1219Kb free=6204Kb
 bounds [0x000001e5d0c40000, 0x000001e5d0eb0000, 0x000001e5d1380000]
 total_blobs=3423 nmethods=2645 adapters=404
 compilation: enabled
              stopped_count=1, restarted_count=1
 full_count=1

Compilation events (20 events):
Event: 1.749 Thread 0x000001e5ecbba800 2667   !   1       org.springframework.beans.factory.support.AbstractBeanFactory::adaptBeanInstance (124 bytes)
Event: 1.750 Thread 0x000001e5ecbba800 nmethod 2667 0x000001e5d17c7e90 code [0x000001e5d17c8160, 0x000001e5d17c8bd0]
Event: 1.750 Thread 0x000001e5ecbba800 2668       1       org.springframework.beans.factory.support.AbstractBeanFactory::getBean (9 bytes)
Event: 1.750 Thread 0x000001e5ecbba800 nmethod 2668 0x000001e5d17c9290 code [0x000001e5d17c9440, 0x000001e5d17c95b0]
Event: 1.750 Thread 0x000001e5ecbba800 2671       1       java.util.ArrayList::<init> (12 bytes)
Event: 1.750 Thread 0x000001e5ecbba800 nmethod 2671 0x000001e5d17c9690 code [0x000001e5d17c9840, 0x000001e5d17c99d8]
Event: 1.750 Thread 0x000001e5ecbba800 2669   !   1       org.springframework.boot.autoconfigure.condition.ConditionEvaluationReport::get (68 bytes)
Event: 1.750 Thread 0x000001e5ecbba800 nmethod 2669 0x000001e5d17c9a90 code [0x000001e5d17c9ce0, 0x000001e5d17ca560]
Event: 1.750 Thread 0x000001e5ecbba800 2670       1       org.springframework.boot.autoconfigure.condition.ConditionEvaluationReport::locateParent (40 bytes)
Event: 1.750 Thread 0x000001e5ecbba800 nmethod 2670 0x000001e5d17caa90 code [0x000001e5d17cac60, 0x000001e5d17caea0]
Event: 1.750 Thread 0x000001e5ecbba800 2661       1       org.springframework.core.annotation.MergedAnnotationsCollection::stream (9 bytes)
Event: 1.751 Thread 0x000001e5ecbba800 nmethod 2661 0x000001e5d17caf90 code [0x000001e5d17cb160, 0x000001e5d17cb560]
Event: 1.751 Thread 0x000001e5ecbba800 2662       1       org.springframework.core.annotation.MergedAnnotationsCollection::spliterator (6 bytes)
Event: 1.751 Thread 0x000001e5ecbba800 nmethod 2662 0x000001e5d17cb710 code [0x000001e5d17cb8c0, 0x000001e5d17cbbd8]
Event: 1.751 Thread 0x000001e5ecbba800 2672       1       org.springframework.core.annotation.TypeMappedAnnotations::from (24 bytes)
Event: 1.751 Thread 0x000001e5ecbba800 nmethod 2672 0x000001e5d17cbd10 code [0x000001e5d17cbec0, 0x000001e5d17cc0c0]
Event: 1.751 Thread 0x000001e5ecbba800 2673       1       org.springframework.core.annotation.AnnotationsScanner::isKnownEmpty (60 bytes)
Event: 1.751 Thread 0x000001e5ecbba800 nmethod 2673 0x000001e5d17cc190 code [0x000001e5d17cc360, 0x000001e5d17cc610]
Event: 1.751 Thread 0x000001e5ecbba800 2674       1       org.springframework.core.annotation.AnnotationsScanner::hasPlainJavaAnnotationsOnly (37 bytes)
Event: 1.752 Thread 0x000001e5ecbba800 nmethod 2674 0x000001e5d17cc710 code [0x000001e5d17cc900, 0x000001e5d17ccd10]

GC Heap History (8 events):
Event: 0.811 GC heap before
{Heap before GC invocations=0 (full 0):
 garbage-first heap   total 262144K, used 24576K [0x0000000701e00000, 0x0000000800000000)
  region size 1024K, 24 young (24576K), 0 survivors (0K)
 Metaspace       used 6129K, capacity 6507K, committed 6784K, reserved 1056768K
  class space    used 747K, capacity 841K, committed 896K, reserved 1048576K
}
Event: 0.816 GC heap after
{Heap after GC invocations=1 (full 0):
 garbage-first heap   total 262144K, used 7316K [0x0000000701e00000, 0x0000000800000000)
  region size 1024K, 3 young (3072K), 3 survivors (3072K)
 Metaspace       used 6129K, capacity 6507K, committed 6784K, reserved 1056768K
  class space    used 747K, capacity 841K, committed 896K, reserved 1048576K
}
Event: 1.010 GC heap before
{Heap before GC invocations=1 (full 0):
 garbage-first heap   total 262144K, used 28820K [0x0000000701e00000, 0x0000000800000000)
  region size 1024K, 24 young (24576K), 3 survivors (3072K)
 Metaspace       used 8538K, capacity 8971K, committed 9344K, reserved 1056768K
  class space    used 1124K, capacity 1281K, committed 1408K, reserved 1048576K
}
Event: 1.014 GC heap after
{Heap after GC invocations=2 (full 0):
 garbage-first heap   total 262144K, used 8466K [0x0000000701e00000, 0x0000000800000000)
  region size 1024K, 2 young (2048K), 2 survivors (2048K)
 Metaspace       used 8538K, capacity 8971K, committed 9344K, reserved 1056768K
  class space    used 1124K, capacity 1281K, committed 1408K, reserved 1048576K
}
Event: 1.277 GC heap before
{Heap before GC invocations=2 (full 0):
 garbage-first heap   total 262144K, used 60690K [0x0000000701e00000, 0x0000000800000000)
  region size 1024K, 53 young (54272K), 2 survivors (2048K)
 Metaspace       used 14284K, capacity 14933K, committed 15232K, reserved 1062912K
  class space    used 1883K, capacity 2130K, committed 2176K, reserved 1048576K
}
Event: 1.280 GC heap after
{Heap after GC invocations=3 (full 0):
 garbage-first heap   total 262144K, used 9945K [0x0000000701e00000, 0x0000000800000000)
  region size 1024K, 3 young (3072K), 3 survivors (3072K)
 Metaspace       used 14284K, capacity 14933K, committed 15232K, reserved 1062912K
  class space    used 1883K, capacity 2130K, committed 2176K, reserved 1048576K
}
Event: 1.753 GC heap before
{Heap before GC invocations=3 (full 0):
 garbage-first heap   total 262144K, used 113369K [0x0000000701e00000, 0x0000000800000000)
  region size 1024K, 106 young (108544K), 3 survivors (3072K)
 Metaspace       used 16913K, capacity 17643K, committed 17664K, reserved 1077248K
  class space    used 2274K, capacity 2558K, committed 2560K, reserved 1048576K
}
Event: 1.760 GC heap after
{Heap after GC invocations=4 (full 0):
 garbage-first heap   total 262144K, used 12514K [0x0000000701e00000, 0x0000000800000000)
  region size 1024K, 5 young (5120K), 5 survivors (5120K)
 Metaspace       used 16913K, capacity 17643K, committed 17664K, reserved 1077248K
  class space    used 2274K, capacity 2558K, committed 2560K, reserved 1048576K
}

Deoptimization events (0 events):
No events

Classes unloaded (0 events):
No events

Classes redefined (0 events):
No events

Internal exceptions (20 events):
Event: 1.550 Thread 0x000001e5ee131800 Exception <a 'java/lang/OutOfMemoryError'{0x000000070dfbe380}> (0x000000070dfbe380) 
thrown [t:/workspace/open/src/hotspot/share/prims/jni.cpp, line 619]
Event: 1.553 Thread 0x000001e5ee131800 Exception <a 'java/lang/OutOfMemoryError'{0x000000070dbb9518}> (0x000000070dbb9518) 
thrown [t:/workspace/open/src/hotspot/share/prims/jni.cpp, line 619]
Event: 1.554 Thread 0x000001e5ee131800 Exception <a 'java/lang/OutOfMemoryError'{0x000000070dbc9db8}> (0x000000070dbc9db8) 
thrown [t:/workspace/open/src/hotspot/share/prims/jni.cpp, line 619]
Event: 1.554 Thread 0x000001e5ee131800 Exception <a 'java/lang/OutOfMemoryError'{0x000000070dbcd800}> (0x000000070dbcd800) 
thrown [t:/workspace/open/src/hotspot/share/prims/jni.cpp, line 619]
Event: 1.554 Thread 0x000001e5ee131800 Exception <a 'java/lang/OutOfMemoryError'{0x000000070dbd51f0}> (0x000000070dbd51f0) 
thrown [t:/workspace/open/src/hotspot/share/prims/jni.cpp, line 619]
Event: 1.554 Thread 0x000001e5ee131800 Exception <a 'java/lang/OutOfMemoryError'{0x000000070dbe5920}> (0x000000070dbe5920) 
thrown [t:/workspace/open/src/hotspot/share/prims/jni.cpp, line 619]
Event: 1.568 Thread 0x000001e5c873b000 Exception <a 'java/lang/OutOfMemoryError'{0x000000070d1e27a0}> (0x000000070d1e27a0) 
thrown [t:/workspace/open/src/hotspot/share/prims/jni.cpp, line 619]
Event: 1.576 Thread 0x000001e5c873b000 Exception <a 'java/lang/OutOfMemoryError'{0x000000070cf27968}> (0x000000070cf27968) 
thrown [t:/workspace/open/src/hotspot/share/prims/jni.cpp, line 619]
Event: 1.576 Thread 0x000001e5c873b000 Exception <a 'java/lang/OutOfMemoryError'{0x000000070cf5baa8}> (0x000000070cf5baa8) 
thrown [t:/workspace/open/src/hotspot/share/prims/jni.cpp, line 619]
Event: 1.577 Thread 0x000001e5c873b000 Exception <a 'java/lang/OutOfMemoryError'{0x000000070cf82e90}> (0x000000070cf82e90) 
thrown [t:/workspace/open/src/hotspot/share/prims/jni.cpp, line 619]
Event: 1.581 Thread 0x000001e5c873b000 Exception <a 'java/lang/OutOfMemoryError'{0x000000070ce2ba10}> (0x000000070ce2ba10) 
thrown [t:/workspace/open/src/hotspot/share/prims/jni.cpp, line 619]
Event: 1.581 Thread 0x000001e5c873b000 Exception <a 'java/lang/OutOfMemoryError'{0x000000070ce343a8}> (0x000000070ce343a8) 
thrown [t:/workspace/open/src/hotspot/share/prims/jni.cpp, line 619]
Event: 1.585 Thread 0x000001e5c873b000 Exception <a 'java/lang/OutOfMemoryError'{0x000000070cecc918}> (0x000000070cecc918) 
thrown [t:/workspace/open/src/hotspot/share/prims/jni.cpp, line 619]
Event: 1.588 Thread 0x000001e5c873b000 Exception <a 'java/lang/IncompatibleClassChangeError'{0x000000070cd1ae78}: Found class java.lang.Object, but interface was expected> (0x000000070cd1ae78) 
thrown [t:/workspace/open/src/hotspot/share/interpreter/linkResolver.cpp, line 833]
Event: 1.607 Thread 0x000001e5c873b000 Exception <a 'java/lang/NoSuchMethodError'{0x000000070ccf1230}: 'void java.lang.invoke.DirectMethodHandle$Holder.invokeInterface(java.lang.Object, java.lang.Object, java.lang.Object, java.lang.Object)'> (0x000000070ccf1230) 
thrown [t:/workspace/open/src/hotspot/share/interpreter/linkResolver.cpp, line 767]
Event: 1.709 Thread 0x000001e5ee131800 Exception <a 'java/lang/NoSuchMethodError'{0x000000070bda3640}: 'java.lang.Object java.lang.invoke.Invokers$Holder.linkToTargetMethod(java.lang.Object, int, java.lang.Object)'> (0x000000070bda3640) 
thrown [t:/workspace/open/src/hotspot/share/interpreter/linkResolver.cpp, line 767]
Event: 1.722 Thread 0x000001e5ee131800 Exception <a 'java/lang/NoSuchMethodError'{0x000000070ba104f8}: static [B.<clinit>()V> (0x000000070ba104f8) 
thrown [t:/workspace/open/src/hotspot/share/prims/jni.cpp, line 1347]
Event: 1.730 Thread 0x000001e5ee323800 Exception <a 'java/lang/NoSuchMethodError'{0x000000070b818790}: 'java.lang.Object java.lang.invoke.Invokers$Holder.linkToTargetMethod(java.lang.Object, long, java.lang.Object)'> (0x000000070b818790) 
thrown [t:/workspace/open/src/hotspot/share/interpreter/linkResolver.cpp, line 767]
Event: 1.730 Thread 0x000001e5ee131800 Exception <a 'java/lang/ClassNotFoundException'{0x000000070ba32378}: javax/management/remote/rmi/RMIConnectionImpl_Skel> (0x000000070ba32378) 
thrown [t:/workspace/open/src/hotspot/share/classfile/systemDictionary.cpp, line 232]
Event: 1.745 Thread 0x000001e5c873b000 Exception <a 'java/lang/OutOfMemoryError'{0x000000070b523ce0}> (0x000000070b523ce0) 
thrown [t:/workspace/open/src/hotspot/share/prims/jni.cpp, line 619]

Events (20 events):
Event: 1.744 loading class org/springframework/security/web/access/WebInvocationPrivilegeEvaluator done
Event: 1.746 loading class org/springframework/boot/autoconfigure/sql/init/SqlInitializationAutoConfiguration$SqlInitializationModeCondition
Event: 1.746 loading class org/springframework/boot/autoconfigure/sql/init/SqlInitializationAutoConfiguration$SqlInitializationModeCondition done
Event: 1.748 loading class org/springframework/boot/sql/init/dependency/DatabaseInitializationDependencyConfigurer
Event: 1.748 loading class org/springframework/boot/sql/init/dependency/DatabaseInitializationDependencyConfigurer done
Event: 1.748 loading class io/r2dbc/spi/ConnectionFactory
Event: 1.748 loading class io/r2dbc/spi/ConnectionFactory done
Event: 1.749 loading class org/springframework/r2dbc/connection/init/DatabasePopulator
Event: 1.749 loading class org/springframework/r2dbc/connection/init/DatabasePopulator done
Event: 1.749 loading class org/springframework/jdbc/datasource/init/DatabasePopulator
Event: 1.749 loading class org/springframework/jdbc/datasource/init/DatabasePopulator done
Event: 1.749 Executing VM operation: RevokeBias
Event: 1.749 Executing VM operation: RevokeBias done
Event: 1.751 loading class org/springframework/transaction/annotation/EnableTransactionManagement
Event: 1.751 loading class org/springframework/transaction/annotation/EnableTransactionManagement done
Event: 1.752 loading class org/springframework/context/annotation/AdviceMode
Event: 1.752 loading class org/springframework/context/annotation/AdviceMode done
Event: 1.752 loading class org/springframework/transaction/annotation/TransactionManagementConfigurationSelector
Event: 1.752 loading class org/springframework/transaction/annotation/TransactionManagementConfigurationSelector done
Event: 1.752 Executing VM operation: CollectForMetadataAllocation


Dynamic libraries:
0x00007ff626a10000 - 0x00007ff626a1f000 	D:\Proga\Programs\Java_JDK_13\bin\java.exe
0x00007ff906d70000 - 0x00007ff906f65000 	C:\WINDOWS\SYSTEM32\ntdll.dll
0x00007ff906ba0000 - 0x00007ff906c5e000 	C:\WINDOWS\System32\KERNEL32.DLL
0x00007ff904640000 - 0x00007ff904908000 	C:\WINDOWS\System32\KERNELBASE.dll
0x00007ff904490000 - 0x00007ff904590000 	C:\WINDOWS\System32\ucrtbase.dll
0x00007ff900ce0000 - 0x00007ff900cf8000 	D:\Proga\Programs\Java_JDK_13\bin\jli.dll
0x00007ff900d00000 - 0x00007ff900d15000 	D:\Proga\Programs\Java_JDK_13\bin\VCRUNTIME140.dll
0x00007ff9060f0000 - 0x00007ff90619c000 	C:\WINDOWS\System32\ADVAPI32.dll
0x00007ff904ef0000 - 0x00007ff904f8e000 	C:\WINDOWS\System32\msvcrt.dll
0x00007ff906220000 - 0x00007ff9062bb000 	C:\WINDOWS\System32\sechost.dll
0x00007ff904dc0000 - 0x00007ff904eea000 	C:\WINDOWS\System32\RPCRT4.dll
0x00007ff9064d0000 - 0x00007ff906671000 	C:\WINDOWS\System32\USER32.dll
0x00007ff903700000 - 0x00007ff90399a000 	C:\WINDOWS\WinSxS\amd64_microsoft.windows.common-controls_6595b64144ccf1df_6.0.19041.1110_none_60b5254171f9507e\COMCTL32.dll
0x00007ff904d90000 - 0x00007ff904db2000 	C:\WINDOWS\System32\win32u.dll
0x00007ff9062c0000 - 0x00007ff9062eb000 	C:\WINDOWS\System32\GDI32.dll
0x00007ff904a50000 - 0x00007ff904b5b000 	C:\WINDOWS\System32\gdi32full.dll
0x00007ff904b60000 - 0x00007ff904bfd000 	C:\WINDOWS\System32\msvcp_win.dll
0x00007ff8fc520000 - 0x00007ff8fc52a000 	C:\WINDOWS\SYSTEM32\VERSION.dll
0x00007ff9064a0000 - 0x00007ff9064d0000 	C:\WINDOWS\System32\IMM32.DLL
0x00007ff8f69f0000 - 0x00007ff8f6a8b000 	D:\Proga\Programs\Java_JDK_13\bin\msvcp140.dll
0x00007ff8a0db0000 - 0x00007ff8a190d000 	D:\Proga\Programs\Java_JDK_13\bin\server\jvm.dll
0x00007ff905120000 - 0x00007ff905128000 	C:\WINDOWS\System32\PSAPI.DLL
0x00007ff8fbcd0000 - 0x00007ff8fbcd9000 	C:\WINDOWS\SYSTEM32\WSOCK32.dll
0x00007ff8eb410000 - 0x00007ff8eb437000 	C:\WINDOWS\SYSTEM32\WINMM.dll
0x00007ff905f40000 - 0x00007ff905fab000 	C:\WINDOWS\System32\WS2_32.dll
0x00007ff902660000 - 0x00007ff902672000 	C:\WINDOWS\SYSTEM32\kernel.appcore.dll
0x00007ff903d90000 - 0x00007ff903da0000 	D:\Proga\Programs\Java_JDK_13\bin\verify.dll
0x00007ff903b90000 - 0x00007ff903d74000 	C:\WINDOWS\SYSTEM32\DBGHELP.DLL
0x00007ff903b30000 - 0x00007ff903b5c000 	C:\WINDOWS\SYSTEM32\dbgcore.DLL
0x00007ff904910000 - 0x00007ff904993000 	C:\WINDOWS\System32\bcryptPrimitives.dll
0x00007ff8f69c0000 - 0x00007ff8f69e6000 	D:\Proga\Programs\Java_JDK_13\bin\java.dll
0x00007ff8f68a0000 - 0x00007ff8f68ae000 	D:\Proga\Programs\Java_JDK_13\bin\instrument.dll
0x00007ff8f68f0000 - 0x00007ff8f6907000 	D:\Proga\Programs\Java_JDK_13\bin\zip.dll
0x00007ff900d90000 - 0x00007ff900d9a000 	D:\Proga\Programs\Java_JDK_13\bin\jimage.dll
0x00007ff9056d0000 - 0x00007ff905e0f000 	C:\WINDOWS\System32\SHELL32.dll
0x00007ff901ec0000 - 0x00007ff902650000 	C:\WINDOWS\SYSTEM32\windows.storage.dll
0x00007ff9067b0000 - 0x00007ff906b05000 	C:\WINDOWS\System32\combase.dll
0x00007ff9036d0000 - 0x00007ff9036fe000 	C:\WINDOWS\SYSTEM32\Wldp.dll
0x00007ff906700000 - 0x00007ff9067ad000 	C:\WINDOWS\System32\SHCORE.dll
0x00007ff904f90000 - 0x00007ff904fe5000 	C:\WINDOWS\System32\shlwapi.dll
0x00007ff9043d0000 - 0x00007ff9043ef000 	C:\WINDOWS\SYSTEM32\profapi.dll
0x00007ff8f68d0000 - 0x00007ff8f68e9000 	D:\Proga\Programs\Java_JDK_13\bin\net.dll
0x00007ff8fa4e0000 - 0x00007ff8fa5ec000 	C:\WINDOWS\SYSTEM32\WINHTTP.dll
0x00007ff903380000 - 0x00007ff9033ea000 	C:\WINDOWS\system32\mswsock.dll
0x00007ff8f68b0000 - 0x00007ff8f68c3000 	D:\Proga\Programs\Java_JDK_13\bin\nio.dll
0x00007ff8ec550000 - 0x00007ff8ec56a000 	D:\Proga\Programs\IntelliJ IDEA 2019.3.3\bin\breakgen64.dll
0x00007ff9031d0000 - 0x00007ff90329b000 	C:\WINDOWS\SYSTEM32\DNSAPI.dll
0x00007ff903190000 - 0x00007ff9031cb000 	C:\WINDOWS\SYSTEM32\IPHLPAPI.DLL
0x00007ff904ff0000 - 0x00007ff904ff8000 	C:\WINDOWS\System32\NSI.dll
0x00007ff8f8dd0000 - 0x00007ff8f8dda000 	C:\Windows\System32\rasadhlp.dll
0x00007ff8fa120000 - 0x00007ff8fa19f000 	C:\WINDOWS\System32\fwpuclnt.dll
0x00007ff904c00000 - 0x00007ff904c27000 	C:\WINDOWS\System32\bcrypt.dll
0x00007ff8f6890000 - 0x00007ff8f6899000 	D:\Proga\Programs\Java_JDK_13\bin\management.dll
0x00007ff8f01a0000 - 0x00007ff8f01ab000 	D:\Proga\Programs\Java_JDK_13\bin\management_ext.dll
0x00007ff9041b0000 - 0x00007ff9041c8000 	C:\WINDOWS\SYSTEM32\CRYPTSP.dll
0x00007ff902e50000 - 0x00007ff902e84000 	C:\WINDOWS\system32\rsaenh.dll
0x00007ff904350000 - 0x00007ff90437e000 	C:\WINDOWS\SYSTEM32\USERENV.dll
0x00007ff903640000 - 0x00007ff90364c000 	C:\WINDOWS\SYSTEM32\CRYPTBASE.dll
0x00007ff8fdfb0000 - 0x00007ff8fdfc7000 	C:\WINDOWS\SYSTEM32\dhcpcsvc6.DLL
0x00007ff8fe080000 - 0x00007ff8fe09d000 	C:\WINDOWS\SYSTEM32\dhcpcsvc.DLL
0x00007ff8f0460000 - 0x00007ff8f0477000 	C:\WINDOWS\system32\napinsp.dll
0x00007ff8ef4e0000 - 0x00007ff8ef4fb000 	C:\WINDOWS\system32\pnrpnsp.dll
0x00007ff8e6ea0000 - 0x00007ff8e6eb5000 	C:\WINDOWS\system32\wshbth.dll
0x00007ff900540000 - 0x00007ff90055d000 	C:\WINDOWS\system32\NLAapi.dll
0x00007ff8eea40000 - 0x00007ff8eea52000 	C:\WINDOWS\System32\winrnr.dll

dbghelp: loaded successfully - version: 4.0.5 - missing functions: none
symbol engine: initialized successfully - sym options: 0x614 - pdb path: .;D:\Proga\Programs\Java_JDK_13\bin;C:\WINDOWS\SYSTEM32;C:\WINDOWS\WinSxS\amd64_microsoft.windows.common-controls_6595b64144ccf1df_6.0.19041.1110_none_60b5254171f9507e;D:\Proga\Programs\Java_JDK_13\bin\server;D:\Proga\Programs\IntelliJ IDEA 2019.3.3\bin

VM Arguments:
jvm_args: -XX:TieredStopAtLevel=1 -Xverify:none -Dspring.output.ansi.enabled=always -javaagent:D:\Proga\Programs\IntelliJ IDEA 2019.3.3\lib\idea_rt.jar=49601:D:\Proga\Programs\IntelliJ IDEA 2019.3.3\bin -Dcom.sun.management.jmxremote -Dspring.jmx.enabled=true -Dspring.liveBeansView.mbeanDomain -Dspring.application.admin.enabled=true -Dfile.encoding=UTF-8 
java_command: com.itech.BankProjectApplication
java_class_path (initial): D:\Proga\Git Repository\spring-bank-project\target\classes;C:\Users\Lenovo\.m2\repository\org\springframework\boot\spring-boot-starter-data-jpa\2.6.1\spring-boot-starter-data-jpa-2.6.1.jar;C:\Users\Lenovo\.m2\repository\org\springframework\boot\spring-boot-starter-aop\2.6.1\spring-boot-starter-aop-2.6.1.jar;C:\Users\Lenovo\.m2\repository\org\aspectj\aspectjweaver\1.9.7\aspectjweaver-1.9.7.jar;C:\Users\Lenovo\.m2\repository\org\springframework\boot\spring-boot-starter-jdbc\2.6.1\spring-boot-starter-jdbc-2.6.1.jar;C:\Users\Lenovo\.m2\repository\com\zaxxer\HikariCP\4.0.3\HikariCP-4.0.3.jar;C:\Users\Lenovo\.m2\repository\org\springframework\spring-jdbc\5.3.13\spring-jdbc-5.3.13.jar;C:\Users\Lenovo\.m2\repository\jakarta\transaction\jakarta.transaction-api\1.3.3\jakarta.transaction-api-1.3.3.jar;C:\Users\Lenovo\.m2\repository\jakarta\persistence\jakarta.persistence-api\2.2.3\jakarta.persistence-api-2.2.3.jar;C:\Users\Lenovo\.m2\repository\org\hibernate\hibernate-core\5.6.1.Final\hibernate-core-5.6.1.Final.jar;C:\Users\Lenovo\.m2\repository\org\jboss\logging\jboss-logging\3.4.2.Final\jboss-logging-3.4.2.Final.jar;C:\Users\Lenovo\.m2\repository\net\bytebuddy\byte-buddy\1.11.22\byte-buddy-1.11.22.jar;C:\Users\Lenovo\.m2\repository\antlr\antlr\2.7.7\antlr-2.7.7.jar;C:\Users\Lenovo\.m2\repository\org\jboss\jandex\2.2.3.Final\jandex-2.2.3.Final.jar;C:\Users\Lenovo\.m2\repository\org\hibernate\common\hibernate-commons-annotations\5.1.2.Final\hibernate-commons-annotations-5.1.2.Final.jar;C:\Users\Lenovo\.m2\repository\org\glassfish\jaxb\jaxb-runtime\2.3.5\jaxb-runtime-2.3.5.jar;C:\Users\Lenovo\.m2\repository\org\glassfish\jaxb\txw2\2.3.5\txw2-2.3.5.jar;C:\Users\Lenovo\.m2\repository\com\sun\istack\istack-commons-runtime\3.0.12\istack-commons-runtime-3.0.12.jar;C:\Users\Lenovo\.m2\repository\org\springframework\spring-aspects\5.3.13\spring-aspects-5.3.13.jar;C:\Users\Lenovo\.m2\repository\org\springframework\boot\spring-boot-starter-web\2.6.1\spring-b
Launcher Type: SUN_STANDARD

[Global flags]
     intx CICompilerCount                          = 4                                         {product} {ergonomic}
     uint ConcGCThreads                            = 2                                         {product} {ergonomic}
     uint G1ConcRefinementThreads                  = 8                                         {product} {ergonomic}
   size_t G1HeapRegionSize                         = 1048576                                   {product} {ergonomic}
    uintx GCDrainStackTargetSize                   = 64                                        {product} {ergonomic}
   size_t InitialHeapSize                          = 268435456                                 {product} {ergonomic}
     bool ManagementServer                         = true                                      {product} {command line}
   size_t MarkStackSize                            = 4194304                                   {product} {ergonomic}
   size_t MaxHeapSize                              = 4263510016                                {product} {ergonomic}
   size_t MaxNewSize                               = 2557476864                                {product} {ergonomic}
   size_t MinHeapDeltaBytes                        = 1048576                                   {product} {ergonomic}
   size_t MinHeapSize                              = 8388608                                   {product} {ergonomic}
    uintx NonNMethodCodeHeapSize                   = 7549744                                {pd product} {ergonomic}
    uintx NonProfiledCodeHeapSize                  = 244108496                              {pd product} {ergonomic}
    uintx ProfiledCodeHeapSize                     = 0                                      {pd product} {ergonomic}
    uintx ReservedCodeCacheSize                    = 251658240                              {pd product} {ergonomic}
     bool SegmentedCodeCache                       = true                                      {product} {ergonomic}
   size_t SoftMaxHeapSize                          = 4263510016                             {manageable} {ergonomic}
     intx TieredStopAtLevel                        = 1                                         {product} {command line}
     bool UseCompressedClassPointers               = true                                 {lp64_product} {ergonomic}
     bool UseCompressedOops                        = true                                 {lp64_product} {ergonomic}
     bool UseG1GC                                  = true                                      {product} {ergonomic}
     bool UseLargePagesIndividualAllocation        = false                                  {pd product} {ergonomic}

Logging:
Log output configuration:
 #0: stdout all=warning uptime,level,tags
 #1: stderr all=off uptime,level,tags

Environment Variables:
JAVA_HOME=C:\Program Files\Java\jdk1.8.0
PATH=C:\ProgramData\Oracle\Java\javapath;C:\Program Files (x86)\Common Files\Oracle\Java\javapath;C:\WINDOWS\system32;C:\WINDOWS;C:\WINDOWS\System32\Wbem;C:\WINDOWS\System32\WindowsPowerShell\v1.0\;C:\WINDOWS\System32\OpenSSH\;C:\Program Files\NVIDIA Corporation\NVIDIA NvDLISR;C:\Program Files (x86)\NVIDIA Corporation\PhysX\Common;C:\Program Files\Git\cmd;D:\Proga\Programs\bin;D:\Proga\Programs\apache-maven-3.6.3\bin;C:\WINDOWS\system32;C:\WINDOWS;C:\WINDOWS\System32\Wbem;C:\WINDOWS\System32\WindowsPowerShell\v1.0\;C:\WINDOWS\System32\OpenSSH\;C:\Program Files\dotnet\;C:\Program Files\MATLAB\R2021a\bin;C:\Program Files\Docker\Docker\resources\bin;C:\ProgramData\DockerDesktop\version-bin;C:\Program Files\MySQL\MySQL Shell 8.0\bin\;C:\Users\Lenovo\AppData\Local\Microsoft\WindowsApps;D:\Proga\Projects_Testing\WebDrivers;"C:\Program Files\PostgreSQL\9.5\bin ;C:\Program Files\PostgreSQL\9.5\lib";
USERNAME=Lenovo
OS=Windows_NT
PROCESSOR_IDENTIFIER=Intel64 Family 6 Model 158 Stepping 10, GenuineIntel



---------------  S Y S T E M  ---------------

OS: Windows 10 , 64 bit Build 19041 (10.0.19041.1348)
HyperV virtualization detected

CPU:total 8 (initial active 8) (4 cores per cpu, 2 threads per core) family 6 model 158 stepping 10, cmov, cx8, fxsr, mmx, sse, sse2, sse3, ssse3, sse4.1, sse4.2, popcnt, avx, avx2, aes, clmul, erms, 3dnowpref, lzcnt, ht, tsc, tscinvbit, bmi1, bmi2, adx, fma

Memory: 4k page, system-wide physical 16258M (4589M free)
TotalPageFile size 17070M (AvailPageFile size 0M)
current process WorkingSet (physical memory assigned to process): 186M, peak: 186M
current process commit charge ("private bytes"): 377M, peak: 378M

vm_info: Java HotSpot(TM) 64-Bit Server VM (13.0.2+8) for windows-amd64 JRE (13.0.2+8), built on Dec 11 2019 09:20:33 by "mach5one" with unknown MS VC++:1916

END.
