#
# There is insufficient memory for the Java Runtime Environment to continue.
# Native memory allocation (mmap) failed to map 268435456 bytes for Failed to commit area from 0x0000000701e00000 to 0x0000000711e00000 of length 268435456.
# Possible reasons:
#   The system is out of physical RAM or swap space
#   The process is running with CompressedOops enabled, and the Java Heap may be blocking the growth of the native heap
# Possible solutions:
#   Reduce memory load on the system
#   Increase physical memory or swap space
#   Check if swap backing store is full
#   Decrease Java heap size (-Xmx/-Xms)
#   Decrease number of Java threads
#   Decrease Java thread stack sizes (-Xss)
#   Set larger code cache with -XX:ReservedCodeCacheSize=
# This output file may be truncated or incomplete.
#
#  Out of Memory Error (t:/workspace/open/src/hotspot/os/windows/os_windows.cpp:3301), pid=19792, tid=17868
#
# JRE version:  (13.0.2+8) (build )
# Java VM: Java HotSpot(TM) 64-Bit Server VM (13.0.2+8, mixed mode, aot, sharing, tiered, compressed oops, g1 gc, windows-amd64)
# No core dump will be written. Minidumps are not enabled by default on client versions of Windows
#

---------------  S U M M A R Y ------------

Command Line: -XX:TieredStopAtLevel=1 -Xverify:none -Dspring.output.ansi.enabled=always -javaagent:D:\Proga\Programs\IntelliJ IDEA 2019.3.3\lib\idea_rt.jar=55630:D:\Proga\Programs\IntelliJ IDEA 2019.3.3\bin -Dcom.sun.management.jmxremote -Dspring.jmx.enabled=true -Dspring.liveBeansView.mbeanDomain -Dspring.application.admin.enabled=true -Dfile.encoding=UTF-8 com.itech.BankProjectApplication

Host: Intel(R) Core(TM) i5-8300H CPU @ 2.30GHz, 8 cores, 15G,  Windows 10 , 64 bit Build 19041 (10.0.19041.1348)
Time: Thu Dec 16 22:27:12 2021 Belarus Standard Time elapsed time: 0 seconds (0d 0h 0m 0s)

---------------  T H R E A D  ---------------

Current thread (0x000002904543e800):  JavaThread "Unknown thread" [_thread_in_vm, id=17868, stack(0x000000caf6f00000,0x000000caf7000000)]

Stack: [0x000000caf6f00000,0x000000caf7000000]
Native frames: (J=compiled Java code, j=interpreted, Vv=VM code, C=native code)
V  [jvm.dll+0x624f9a]
V  [jvm.dll+0x770cfa]
V  [jvm.dll+0x7724af]
V  [jvm.dll+0x772ab3]
V  [jvm.dll+0x24bf08]
V  [jvm.dll+0x6222aa]
V  [jvm.dll+0x6170b5]
V  [jvm.dll+0x30a88c]
V  [jvm.dll+0x30a6c2]
V  [jvm.dll+0x30fe36]
V  [jvm.dll+0x353f46]
V  [jvm.dll+0x353720]
V  [jvm.dll+0x2e550a]
V  [jvm.dll+0x2e67a2]
V  [jvm.dll+0x74dd78]
V  [jvm.dll+0x361989]
V  [jvm.dll+0x730e65]
V  [jvm.dll+0x3cc53f]
V  [jvm.dll+0x3ce861]
C  [jli.dll+0x51ff]
C  [ucrtbase.dll+0x21bb2]
C  [KERNEL32.DLL+0x17034]
C  [ntdll.dll+0x52651]


---------------  P R O C E S S  ---------------

Threads class SMR info:
_java_thread_list=0x00007ff8a441ccb8, length=0, elements={
}

Java Threads: ( => current thread )

Other Threads:
  0x00000290475c7000 GCTaskThread "GC Thread#0" [stack: 0x000000caf7000000,0x000000caf7100000] [id=8552]
  0x00000290475e9800 ConcurrentGCThread "G1 Main Marker" [stack: 0x000000caf7100000,0x000000caf7200000] [id=11344]
  0x00000290475ed000 ConcurrentGCThread "G1 Conc#0" [stack: 0x000000caf7200000,0x000000caf7300000] [id=11588]

[error occurred during error reporting (printing all threads), id 0xc0000005, EXCEPTION_ACCESS_VIOLATION (0xc0000005) at pc=0x00007ff8a3c551d7]

VM state:not at safepoint (not fully initialized)

VM Mutex/Monitor currently owned by a thread:  ([mutex/lock_event])
[0x0000029047557ae0] Heap_lock - owner thread: 0x000002904543e800

Heap address: 0x0000000701e00000, size: 4066 MB, Compressed Oops mode: Non-zero based: 0x0000000701e00000
Narrow klass base: 0x0000000000000000, Narrow klass shift: 0

GC Heap History (0 events):
No events

Deoptimization events (0 events):
No events

Classes unloaded (0 events):
No events

Classes redefined (0 events):
No events

Internal exceptions (0 events):
No events

Events (8 events):
Event: 0.007 Loaded shared library D:\Proga\Programs\Java_JDK_13\bin\zip.dll
Event: 0.007 Loaded shared library D:\Proga\Programs\Java_JDK_13\bin\jimage.dll
Event: 0.008 Loading shared library D:\Proga\Programs\Java_JDK_13\lib\libjava.base-coop.dll failed, error code 126
Event: 0.008 Loading shared library D:\Proga\Programs\Java_JDK_13\lib\libjava.logging-coop.dll failed, error code 126
Event: 0.008 Loading shared library D:\Proga\Programs\Java_JDK_13\lib\libjdk.compiler-coop.dll failed, error code 126
Event: 0.008 Loading shared library D:\Proga\Programs\Java_JDK_13\lib\libjdk.scripting.nashorn-coop.dll failed, error code 126
Event: 0.008 Loading shared library D:\Proga\Programs\Java_JDK_13\lib\libjdk.internal.vm.ci-coop.dll failed, error code 126
Event: 0.008 Loading shared library D:\Proga\Programs\Java_JDK_13\lib\libjdk.internal.vm.compiler-coop.dll failed, error code 126


Dynamic libraries:
0x00007ff626a10000 - 0x00007ff626a1f000 	D:\Proga\Programs\Java_JDK_13\bin\java.exe
0x00007ff906d70000 - 0x00007ff906f65000 	C:\WINDOWS\SYSTEM32\ntdll.dll
0x00007ff906ba0000 - 0x00007ff906c5e000 	C:\WINDOWS\System32\KERNEL32.DLL
0x00007ff904640000 - 0x00007ff904908000 	C:\WINDOWS\System32\KERNELBASE.dll
0x00007ff904490000 - 0x00007ff904590000 	C:\WINDOWS\System32\ucrtbase.dll
0x00007ff900ce0000 - 0x00007ff900cf8000 	D:\Proga\Programs\Java_JDK_13\bin\jli.dll
0x00007ff8f68a0000 - 0x00007ff8f68b5000 	D:\Proga\Programs\Java_JDK_13\bin\VCRUNTIME140.dll
0x00007ff9060f0000 - 0x00007ff90619c000 	C:\WINDOWS\System32\ADVAPI32.dll
0x00007ff904ef0000 - 0x00007ff904f8e000 	C:\WINDOWS\System32\msvcrt.dll
0x00007ff906220000 - 0x00007ff9062bb000 	C:\WINDOWS\System32\sechost.dll
0x00007ff904dc0000 - 0x00007ff904eea000 	C:\WINDOWS\System32\RPCRT4.dll
0x00007ff9064d0000 - 0x00007ff906671000 	C:\WINDOWS\System32\USER32.dll
0x00007ff903700000 - 0x00007ff90399a000 	C:\WINDOWS\WinSxS\amd64_microsoft.windows.common-controls_6595b64144ccf1df_6.0.19041.1110_none_60b5254171f9507e\COMCTL32.dll
0x00007ff904d90000 - 0x00007ff904db2000 	C:\WINDOWS\System32\win32u.dll
0x00007ff9062c0000 - 0x00007ff9062eb000 	C:\WINDOWS\System32\GDI32.dll
0x00007ff904a50000 - 0x00007ff904b5b000 	C:\WINDOWS\System32\gdi32full.dll
0x00007ff904b60000 - 0x00007ff904bfd000 	C:\WINDOWS\System32\msvcp_win.dll
0x00007ff8fc520000 - 0x00007ff8fc52a000 	C:\WINDOWS\SYSTEM32\VERSION.dll
0x00007ff9064a0000 - 0x00007ff9064d0000 	C:\WINDOWS\System32\IMM32.DLL
0x00007ff8d7d70000 - 0x00007ff8d7e0b000 	D:\Proga\Programs\Java_JDK_13\bin\msvcp140.dll
0x00007ff8a3960000 - 0x00007ff8a44bd000 	D:\Proga\Programs\Java_JDK_13\bin\server\jvm.dll
0x00007ff905120000 - 0x00007ff905128000 	C:\WINDOWS\System32\PSAPI.DLL
0x00007ff8fbcd0000 - 0x00007ff8fbcd9000 	C:\WINDOWS\SYSTEM32\WSOCK32.dll
0x00007ff8eb410000 - 0x00007ff8eb437000 	C:\WINDOWS\SYSTEM32\WINMM.dll
0x00007ff905f40000 - 0x00007ff905fab000 	C:\WINDOWS\System32\WS2_32.dll
0x00007ff902660000 - 0x00007ff902672000 	C:\WINDOWS\SYSTEM32\kernel.appcore.dll
0x00007ff900f90000 - 0x00007ff900fa0000 	D:\Proga\Programs\Java_JDK_13\bin\verify.dll
0x00007ff903b90000 - 0x00007ff903d74000 	C:\WINDOWS\SYSTEM32\DBGHELP.DLL
0x00007ff903b30000 - 0x00007ff903b5c000 	C:\WINDOWS\SYSTEM32\dbgcore.DLL
0x00007ff904910000 - 0x00007ff904993000 	C:\WINDOWS\System32\bcryptPrimitives.dll
0x00007ff8eb5e0000 - 0x00007ff8eb606000 	D:\Proga\Programs\Java_JDK_13\bin\java.dll
0x00007ff8fbeb0000 - 0x00007ff8fbebe000 	D:\Proga\Programs\Java_JDK_13\bin\instrument.dll
0x00007ff8efd90000 - 0x00007ff8efda7000 	D:\Proga\Programs\Java_JDK_13\bin\zip.dll
0x00007ff900d90000 - 0x00007ff900d9a000 	D:\Proga\Programs\Java_JDK_13\bin\jimage.dll

dbghelp: loaded successfully - version: 4.0.5 - missing functions: none
symbol engine: initialized successfully - sym options: 0x614 - pdb path: .;D:\Proga\Programs\Java_JDK_13\bin;C:\WINDOWS\SYSTEM32;C:\WINDOWS\WinSxS\amd64_microsoft.windows.common-controls_6595b64144ccf1df_6.0.19041.1110_none_60b5254171f9507e;D:\Proga\Programs\Java_JDK_13\bin\server

VM Arguments:
jvm_args: -XX:TieredStopAtLevel=1 -Xverify:none -Dspring.output.ansi.enabled=always -javaagent:D:\Proga\Programs\IntelliJ IDEA 2019.3.3\lib\idea_rt.jar=55630:D:\Proga\Programs\IntelliJ IDEA 2019.3.3\bin -Dcom.sun.management.jmxremote -Dspring.jmx.enabled=true -Dspring.liveBeansView.mbeanDomain -Dspring.application.admin.enabled=true -Dfile.encoding=UTF-8 
java_command: com.itech.BankProjectApplication
java_class_path (initial): D:\Proga\Git Repository\spring-bank-project\target\classes;C:\Users\Lenovo\.m2\repository\org\springframework\boot\spring-boot-starter-data-jpa\2.6.1\spring-boot-starter-data-jpa-2.6.1.jar;C:\Users\Lenovo\.m2\repository\org\springframework\boot\spring-boot-starter-aop\2.6.1\spring-boot-starter-aop-2.6.1.jar;C:\Users\Lenovo\.m2\repository\org\aspectj\aspectjweaver\1.9.7\aspectjweaver-1.9.7.jar;C:\Users\Lenovo\.m2\repository\org\springframework\boot\spring-boot-starter-jdbc\2.6.1\spring-boot-starter-jdbc-2.6.1.jar;C:\Users\Lenovo\.m2\repository\com\zaxxer\HikariCP\4.0.3\HikariCP-4.0.3.jar;C:\Users\Lenovo\.m2\repository\org\springframework\spring-jdbc\5.3.13\spring-jdbc-5.3.13.jar;C:\Users\Lenovo\.m2\repository\jakarta\transaction\jakarta.transaction-api\1.3.3\jakarta.transaction-api-1.3.3.jar;C:\Users\Lenovo\.m2\repository\jakarta\persistence\jakarta.persistence-api\2.2.3\jakarta.persistence-api-2.2.3.jar;C:\Users\Lenovo\.m2\repository\org\hibernate\hibernate-core\5.6.1.Final\hibernate-core-5.6.1.Final.jar;C:\Users\Lenovo\.m2\repository\org\jboss\logging\jboss-logging\3.4.2.Final\jboss-logging-3.4.2.Final.jar;C:\Users\Lenovo\.m2\repository\net\bytebuddy\byte-buddy\1.11.22\byte-buddy-1.11.22.jar;C:\Users\Lenovo\.m2\repository\antlr\antlr\2.7.7\antlr-2.7.7.jar;C:\Users\Lenovo\.m2\repository\org\jboss\jandex\2.2.3.Final\jandex-2.2.3.Final.jar;C:\Users\Lenovo\.m2\repository\org\hibernate\common\hibernate-commons-annotations\5.1.2.Final\hibernate-commons-annotations-5.1.2.Final.jar;C:\Users\Lenovo\.m2\repository\org\glassfish\jaxb\jaxb-runtime\2.3.5\jaxb-runtime-2.3.5.jar;C:\Users\Lenovo\.m2\repository\org\glassfish\jaxb\txw2\2.3.5\txw2-2.3.5.jar;C:\Users\Lenovo\.m2\repository\com\sun\istack\istack-commons-runtime\3.0.12\istack-commons-runtime-3.0.12.jar;C:\Users\Lenovo\.m2\repository\org\springframework\spring-aspects\5.3.13\spring-aspects-5.3.13.jar;C:\Users\Lenovo\.m2\repository\org\springframework\boot\spring-boot-starter-web\2.6.1\spring-b
Launcher Type: SUN_STANDARD

[Global flags]
     intx CICompilerCount                          = 4                                         {product} {ergonomic}
     uint ConcGCThreads                            = 2                                         {product} {ergonomic}
     uint G1ConcRefinementThreads                  = 8                                         {product} {ergonomic}
   size_t G1HeapRegionSize                         = 1048576                                   {product} {ergonomic}
    uintx GCDrainStackTargetSize                   = 64                                        {product} {ergonomic}
   size_t InitialHeapSize                          = 268435456                                 {product} {ergonomic}
     bool ManagementServer                         = true                                      {product} {command line}
   size_t MarkStackSize                            = 4194304                                   {product} {ergonomic}
   size_t MaxHeapSize                              = 4263510016                                {product} {ergonomic}
   size_t MinHeapDeltaBytes                        = 1048576                                   {product} {ergonomic}
   size_t MinHeapSize                              = 8388608                                   {product} {ergonomic}
    uintx NonNMethodCodeHeapSize                   = 7549744                                {pd product} {ergonomic}
    uintx NonProfiledCodeHeapSize                  = 244108496                              {pd product} {ergonomic}
    uintx ProfiledCodeHeapSize                     = 0                                      {pd product} {ergonomic}
    uintx ReservedCodeCacheSize                    = 251658240                              {pd product} {ergonomic}
     bool SegmentedCodeCache                       = true                                      {product} {ergonomic}
   size_t SoftMaxHeapSize                          = 4263510016                             {manageable} {ergonomic}
     intx TieredStopAtLevel                        = 1                                         {product} {command line}
     bool UseCompressedClassPointers               = true                                 {lp64_product} {ergonomic}
     bool UseCompressedOops                        = true                                 {lp64_product} {ergonomic}
     bool UseG1GC                                  = true                                      {product} {ergonomic}
     bool UseLargePagesIndividualAllocation        = false                                  {pd product} {ergonomic}

Logging:
Log output configuration:
 #0: stdout all=warning uptime,level,tags
 #1: stderr all=off uptime,level,tags

Environment Variables:
JAVA_HOME=C:\Program Files\Java\jdk1.8.0
PATH=C:\ProgramData\Oracle\Java\javapath;C:\Program Files (x86)\Common Files\Oracle\Java\javapath;C:\WINDOWS\system32;C:\WINDOWS;C:\WINDOWS\System32\Wbem;C:\WINDOWS\System32\WindowsPowerShell\v1.0\;C:\WINDOWS\System32\OpenSSH\;C:\Program Files\NVIDIA Corporation\NVIDIA NvDLISR;C:\Program Files (x86)\NVIDIA Corporation\PhysX\Common;C:\Program Files\Git\cmd;D:\Proga\Programs\bin;D:\Proga\Programs\apache-maven-3.6.3\bin;C:\WINDOWS\system32;C:\WINDOWS;C:\WINDOWS\System32\Wbem;C:\WINDOWS\System32\WindowsPowerShell\v1.0\;C:\WINDOWS\System32\OpenSSH\;C:\Program Files\dotnet\;C:\Program Files\MATLAB\R2021a\bin;C:\Program Files\Docker\Docker\resources\bin;C:\ProgramData\DockerDesktop\version-bin;C:\Program Files\MySQL\MySQL Shell 8.0\bin\;C:\Users\Lenovo\AppData\Local\Microsoft\WindowsApps;D:\Proga\Projects_Testing\WebDrivers;"C:\Program Files\PostgreSQL\9.5\bin ;C:\Program Files\PostgreSQL\9.5\lib";
USERNAME=Lenovo
OS=Windows_NT
PROCESSOR_IDENTIFIER=Intel64 Family 6 Model 158 Stepping 10, GenuineIntel



---------------  S Y S T E M  ---------------

OS: Windows 10 , 64 bit Build 19041 (10.0.19041.1348)
HyperV virtualization detected

CPU:total 8 (initial active 8) (4 cores per cpu, 2 threads per core) family 6 model 158 stepping 10, cmov, cx8, fxsr, mmx, sse, sse2, sse3, ssse3, sse4.1, sse4.2, popcnt, avx, avx2, aes, clmul, erms, 3dnowpref, lzcnt, ht, tsc, tscinvbit, bmi1, bmi2, adx, fma

Memory: 4k page, system-wide physical 16258M (4212M free)
TotalPageFile size 17070M (AvailPageFile size 211M)
current process WorkingSet (physical memory assigned to process): 11M, peak: 11M
current process commit charge ("private bytes"): 58M, peak: 314M

vm_info: Java HotSpot(TM) 64-Bit Server VM (13.0.2+8) for windows-amd64 JRE (13.0.2+8), built on Dec 11 2019 09:20:33 by "mach5one" with unknown MS VC++:1916

END.
